#
# There is insufficient memory for the Java Runtime Environment to continue.
# Native memory allocation (mmap) failed to map 63963136 bytes for committing reserved memory.
# Possible reasons:
#   The system is out of physical RAM or swap space
#   In 32 bit mode, the process size limit was hit
# Possible solutions:
#   Reduce memory load on the system
#   Increase physical memory or swap space
#   Check if swap backing store is full
#   Use 64 bit Java on a 64 bit OS
#   Decrease Java heap size (-Xmx/-Xms)
#   Decrease number of Java threads
#   Decrease Java thread stack sizes (-Xss)
#   Set larger code cache with -XX:ReservedCodeCacheSize=
# This output file may be truncated or incomplete.
#
#  Out of Memory Error (os_linux.cpp:2627), pid=16868, tid=0x00007ff79f497700
#
# JRE version: OpenJDK Runtime Environment (8.0_112-b06) (build 1.8.0_112-release-b06)
# Java VM: OpenJDK 64-Bit Server VM (25.112-b06 mixed mode linux-amd64 compressed oops)
# Failed to write core dump. Core dumps have been disabled. To enable core dumping, try "ulimit -c unlimited" before starting Java again
#

---------------  T H R E A D  ---------------

Current thread (0x00007ff7b8073800):  VMThread [stack: 0x00007ff79f397000,0x00007ff79f498000] [id=16874]

Stack: [0x00007ff79f397000,0x00007ff79f498000],  sp=0x00007ff79f4964b0,  free space=1021k
Native frames: (J=compiled Java code, j=interpreted, Vv=VM code, C=native code)
V  [libjvm.so+0x9e465d]  VMError::report_and_die()+0x15d
V  [libjvm.so+0x4b6ada]  report_vm_out_of_memory(char const*, int, unsigned long, VMErrorType, char const*)+0x8a
V  [libjvm.so+0x84c860]  os::pd_commit_memory(char*, unsigned long, unsigned long, bool)+0xf0
V  [libjvm.so+0x84737f]  os::commit_memory(char*, unsigned long, unsigned long, bool)+0x1f
V  [libjvm.so+0x8bd3db]  PSVirtualSpace::expand_by(unsigned long)+0x5b
V  [libjvm.so+0x8ae1bb]  PSOldGen::expand_by(unsigned long) [clone .part.109]+0x1b
V  [libjvm.so+0x8ae37b]  PSOldGen::expand(unsigned long) [clone .part.111]+0xdb
V  [libjvm.so+0x8aec58]  PSOldGen::resize(unsigned long)+0x188
V  [libjvm.so+0x8b426c]  PSParallelCompact::invoke_no_policy(bool)+0x97c
V  [libjvm.so+0x8b4579]  PSParallelCompact::invoke(bool)+0x59
V  [libjvm.so+0x446d63]  CollectedHeap::collect_as_vm_thread(GCCause::Cause)+0x143
V  [libjvm.so+0x9e5a91]  VM_CollectForMetadataAllocation::doit()+0x141
V  [libjvm.so+0x9ea537]  VM_Operation::evaluate()+0x47
V  [libjvm.so+0x9e8ff8]  VMThread::evaluate_operation(VM_Operation*)+0x2c8
V  [libjvm.so+0x9e9479]  VMThread::loop()+0x219
V  [libjvm.so+0x9e98c2]  VMThread::run()+0x72
V  [libjvm.so+0x849c82]  java_start(Thread*)+0xf2

VM_Operation (0x00007ff76adf7bc0): CollectForMetadataAllocation, mode: safepoint, requested by thread 0x00007ff765174800


---------------  P R O C E S S  ---------------

Java Threads: ( => current thread )
  0x00007ff7a4068000 JavaThread "Cache worker for Java compile cache (/home/saurabh/AndroidStudioProjects/app-master/healthok/.gradle/4.0-rc-1/javaCompile)" [_thread_blocked, id=16902, stack(0x00007ff76a9fc000,0x00007ff76aafd000)]
  0x00007ff765174800 JavaThread "Task worker" [_thread_blocked, id=16901, stack(0x00007ff76acfd000,0x00007ff76adfe000)]
  0x00007ff76516f800 JavaThread "Cache worker for task history cache (/home/saurabh/AndroidStudioProjects/app-master/healthok/.gradle/4.0-rc-1/taskHistory)" [_thread_blocked, id=16900, stack(0x00007ff76adfe000,0x00007ff76aeff000)]
  0x00007ff7650e2800 JavaThread "Cache worker for file content cache (/home/saurabh/AndroidStudioProjects/app-master/healthok/.gradle/4.0-rc-1/fileContent)" [_thread_blocked, id=16899, stack(0x00007ff76aeff000,0x00007ff76b000000)]
  0x00007ff764bc9000 JavaThread "Memory manager" [_thread_blocked, id=16898, stack(0x00007ff77c0a2000,0x00007ff77c1a3000)]
  0x00007ff7641da000 JavaThread "build operations Thread 2" [_thread_blocked, id=16897, stack(0x00007ff77c4fc000,0x00007ff77c5fd000)]
  0x00007ff7641d8800 JavaThread "build operations" [_thread_blocked, id=16896, stack(0x00007ff77c5fd000,0x00007ff77c6fe000)]
  0x00007ff7649dd000 JavaThread "Cache worker for Artifact transforms cache (/home/saurabh/.gradle/caches/transforms-1)" [_thread_blocked, id=16895, stack(0x00007ff77cafe000,0x00007ff77cbff000)]
  0x00007ff76426a800 JavaThread "Cache worker for file hash cache (/home/saurabh/AndroidStudioProjects/app-master/healthok/.gradle/4.0-rc-1/fileHashes)" [_thread_blocked, id=16894, stack(0x00007ff79c6c9000,0x00007ff79c7ca000)]
  0x00007ff764132800 JavaThread "File lock request listener" [_thread_in_native, id=16893, stack(0x00007ff79c7ca000,0x00007ff79c8cb000)]
  0x00007ff764111800 JavaThread "Cache worker for file hash cache (/home/saurabh/.gradle/caches/4.0-rc-1/fileHashes)" [_thread_blocked, id=16892, stack(0x00007ff79c8cb000,0x00007ff79c9cc000)]
  0x00007ff764023800 JavaThread "Stdin handler" [_thread_blocked, id=16891, stack(0x00007ff79cbcc000,0x00007ff79cccd000)]
  0x00007ff764014800 JavaThread "Asynchronous log dispatcher for DefaultDaemonConnection: socket connection from /127.0.0.1:39419 to /127.0.0.1:59742" [_thread_blocked, id=16890, stack(0x00007ff79cccd000,0x00007ff79cdce000)]
  0x00007ff770007800 JavaThread "Daemon worker" [_thread_blocked, id=16887, stack(0x00007ff79cdce000,0x00007ff79cecf000)]
  0x00007ff770004000 JavaThread "Cancel handler" [_thread_blocked, id=16886, stack(0x00007ff79cecf000,0x00007ff79cfd0000)]
  0x00007ff770005800 JavaThread "Handler for socket connection from /127.0.0.1:39419 to /127.0.0.1:59742" [_thread_in_native, id=16885, stack(0x00007ff79cfd0000,0x00007ff79d0d1000)]
  0x00007ff774042800 JavaThread "Daemon" [_thread_blocked, id=16884, stack(0x00007ff79d0d1000,0x00007ff79d1d2000)]
  0x00007ff7b8c68800 JavaThread "Daemon periodic checks" [_thread_blocked, id=16883, stack(0x00007ff79d1d2000,0x00007ff79d2d3000)]
  0x00007ff7b8c46000 JavaThread "Incoming local TCP Connector on port 39419" [_thread_in_native, id=16882, stack(0x00007ff79d2da000,0x00007ff79d3db000)]
  0x00007ff7b80b9800 JavaThread "Service Thread" daemon [_thread_blocked, id=16880, stack(0x00007ff79eab6000,0x00007ff79ebb7000)]
  0x00007ff7b80b6800 JavaThread "C1 CompilerThread1" daemon [_thread_blocked, id=16879, stack(0x00007ff79ebb7000,0x00007ff79ecb8000)]
  0x00007ff7b80b3800 JavaThread "C2 CompilerThread0" daemon [_thread_blocked, id=16878, stack(0x00007ff79ecb8000,0x00007ff79edb9000)]
  0x00007ff7b80b2000 JavaThread "Signal Dispatcher" daemon [_thread_blocked, id=16877, stack(0x00007ff79edb9000,0x00007ff79eeba000)]
  0x00007ff7b807f800 JavaThread "Finalizer" daemon [_thread_blocked, id=16876, stack(0x00007ff79f195000,0x00007ff79f296000)]
  0x00007ff7b807b000 JavaThread "Reference Handler" daemon [_thread_blocked, id=16875, stack(0x00007ff79f296000,0x00007ff79f397000)]
  0x00007ff7b800a000 JavaThread "main" [_thread_blocked, id=16871, stack(0x00007ff7bfe63000,0x00007ff7bff64000)]

Other Threads:
=>0x00007ff7b8073800 VMThread [stack: 0x00007ff79f397000,0x00007ff79f498000] [id=16874]
  0x00007ff7b80bb800 WatcherThread [stack: 0x00007ff79e9b5000,0x00007ff79eab6000] [id=16881]

VM state:at safepoint (normal execution)

VM Mutex/Monitor currently owned by a thread:  ([mutex/lock_event])
[0x00007ff7b8005f70] ExpandHeap_lock - owner thread: 0x00007ff7b8073800
[0x00007ff7b80065f0] Threads_lock - owner thread: 0x00007ff7b8073800
[0x00007ff7b8006af0] Heap_lock - owner thread: 0x00007ff765174800

Heap:
 PSYoungGen      total 156160K, used 0K [0x00000000f5580000, 0x0000000100000000, 0x0000000100000000)
  eden space 137728K, 0% used [0x00000000f5580000,0x00000000f5580000,0x00000000fdc00000)
  from space 18432K, 0% used [0x00000000fdc00000,0x00000000fdc00000,0x00000000fee00000)
  to   space 18432K, 0% used [0x00000000fee00000,0x00000000fee00000,0x0000000100000000)
 ParOldGen       total 61952K, used 53439K [0x00000000e0000000, 0x00000000e3c80000, 0x00000000f5580000)
  object space 61952K, 86% used [0x00000000e0000000,0x00000000e342fc00,0x00000000e3c80000)
 Metaspace       used 57324K, capacity 58908K, committed 59028K, reserved 1099776K
  class space    used 7708K, capacity 8128K, committed 8192K, reserved 1048576K

Card table byte_map: [0x00007ff7bcbf8000,0x00007ff7bccf9000] byte_map_base: 0x00007ff7bc4f8000

Marking Bits: (ParMarkBitMap*) 0x00007ff7bf335340
 Begin Bits: [0x00007ff7a8000000, 0x00007ff7a8800000)
 End Bits:   [0x00007ff7a8800000, 0x00007ff7a9000000)

Polling page: 0x00007ff7bff85000

CodeCache: size=245760Kb used=20688Kb max_used=20699Kb free=225071Kb
 bounds [0x00007ff7a9000000, 0x00007ff7aa450000, 0x00007ff7b8000000]
 total_blobs=7488 nmethods=6713 adapters=688
 compilation: enabled

Compilation events (10 events):
Event: 44.593 Thread 0x00007ff7b80b6800 nmethod 7580 0x00007ff7aa44ab50 code [0x00007ff7aa44ad20, 0x00007ff7aa44b538]
Event: 44.593 Thread 0x00007ff7b80b6800 7575       3       com.sun.tools.javac.code.Types$DefaultTypeVisitor::visitMethodType (7 bytes)
Event: 44.593 Thread 0x00007ff7b80b3800 nmethod 7573 0x00007ff7aa442a10 code [0x00007ff7aa442ba0, 0x00007ff7aa442e88]
Event: 44.593 Thread 0x00007ff7b80b3800 7588       4       com.sun.tools.javac.code.Symbol$ClassSymbol::members (16 bytes)
Event: 44.594 Thread 0x00007ff7b80b3800 nmethod 7588 0x00007ff7aa43fd10 code [0x00007ff7aa43fe60, 0x00007ff7aa43fee8]
Event: 44.594 Thread 0x00007ff7b80b3800 7582       4       com.sun.tools.javac.util.List$3::hasNext (16 bytes)
Event: 44.595 Thread 0x00007ff7b80b3800 nmethod 7582 0x00007ff7aa33b950 code [0x00007ff7aa33baa0, 0x00007ff7aa33bb18]
Event: 44.595 Thread 0x00007ff7b80b3800 7577       4       com.sun.tools.javac.code.Type$ClassType::allparams (30 bytes)
Event: 44.598 Thread 0x00007ff7b80b6800 nmethod 7575 0x00007ff7aa441490 code [0x00007ff7aa441600, 0x00007ff7aa441808]
Event: 44.598 Thread 0x00007ff7b80b6800 7591       3       com.sun.tools.javac.tree.TreeInfo::getStartPos (638 bytes)

GC Heap History (10 events):
Event: 21.041 GC heap after
Heap after GC invocations=9 (full 1):
 PSYoungGen      total 134144K, used 7875K [0x00000000f5580000, 0x0000000100000000, 0x0000000100000000)
  eden space 122368K, 0% used [0x00000000f5580000,0x00000000f5580000,0x00000000fcd00000)
  from space 11776K, 66% used [0x00000000fd900000,0x00000000fe0b0c10,0x00000000fe480000)
  to   space 12288K, 0% used [0x00000000fcd00000,0x00000000fcd00000,0x00000000fd900000)
 ParOldGen       total 45568K, used 12317K [0x00000000e0000000, 0x00000000e2c80000, 0x00000000f5580000)
  object space 45568K, 27% used [0x00000000e0000000,0x00000000e0c07428,0x00000000e2c80000)
 Metaspace       used 34832K, capacity 35344K, committed 35416K, reserved 1079296K
  class space    used 4669K, capacity 4860K, committed 4864K, reserved 1048576K
}
Event: 21.041 GC heap before
{Heap before GC invocations=10 (full 2):
 PSYoungGen      total 134144K, used 7875K [0x00000000f5580000, 0x0000000100000000, 0x0000000100000000)
  eden space 122368K, 0% used [0x00000000f5580000,0x00000000f5580000,0x00000000fcd00000)
  from space 11776K, 66% used [0x00000000fd900000,0x00000000fe0b0c10,0x00000000fe480000)
  to   space 12288K, 0% used [0x00000000fcd00000,0x00000000fcd00000,0x00000000fd900000)
 ParOldGen       total 45568K, used 12317K [0x00000000e0000000, 0x00000000e2c80000, 0x00000000f5580000)
  object space 45568K, 27% used [0x00000000e0000000,0x00000000e0c07428,0x00000000e2c80000)
 Metaspace       used 34832K, capacity 35344K, committed 35416K, reserved 1079296K
  class space    used 4669K, capacity 4860K, committed 4864K, reserved 1048576K
Event: 21.191 GC heap after
Heap after GC invocations=10 (full 2):
 PSYoungGen      total 134144K, used 0K [0x00000000f5580000, 0x0000000100000000, 0x0000000100000000)
  eden space 122368K, 0% used [0x00000000f5580000,0x00000000f5580000,0x00000000fcd00000)
  from space 11776K, 0% used [0x00000000fd900000,0x00000000fd900000,0x00000000fe480000)
  to   space 12288K, 0% used [0x00000000fcd00000,0x00000000fcd00000,0x00000000fd900000)
 ParOldGen       total 61952K, used 14491K [0x00000000e0000000, 0x00000000e3c80000, 0x00000000f5580000)
  object space 61952K, 23% used [0x00000000e0000000,0x00000000e0e26cf8,0x00000000e3c80000)
 Metaspace       used 34832K, capacity 35344K, committed 35416K, reserved 1079296K
  class space    used 4669K, capacity 4860K, committed 4864K, reserved 1048576K
}
Event: 26.917 GC heap before
{Heap before GC invocations=11 (full 2):
 PSYoungGen      total 134144K, used 122368K [0x00000000f5580000, 0x0000000100000000, 0x0000000100000000)
  eden space 122368K, 100% used [0x00000000f5580000,0x00000000fcd00000,0x00000000fcd00000)
  from space 11776K, 0% used [0x00000000fd900000,0x00000000fd900000,0x00000000fe480000)
  to   space 12288K, 0% used [0x00000000fcd00000,0x00000000fcd00000,0x00000000fd900000)
 ParOldGen       total 61952K, used 14491K [0x00000000e0000000, 0x00000000e3c80000, 0x00000000f5580000)
  object space 61952K, 23% used [0x00000000e0000000,0x00000000e0e26cf8,0x00000000e3c80000)
 Metaspace       used 41780K, capacity 42682K, committed 42880K, reserved 1085440K
  class space    used 5637K, capacity 5912K, committed 6016K, reserved 1048576K
Event: 26.942 GC heap after
Heap after GC invocations=11 (full 2):
 PSYoungGen      total 134656K, used 12142K [0x00000000f5580000, 0x0000000100000000, 0x0000000100000000)
  eden space 122368K, 0% used [0x00000000f5580000,0x00000000f5580000,0x00000000fcd00000)
  from space 12288K, 98% used [0x00000000fcd00000,0x00000000fd8db9a0,0x00000000fd900000)
  to   space 13824K, 0% used [0x00000000ff280000,0x00000000ff280000,0x0000000100000000)
 ParOldGen       total 61952K, used 14499K [0x00000000e0000000, 0x00000000e3c80000, 0x00000000f5580000)
  object space 61952K, 23% used [0x00000000e0000000,0x00000000e0e28cf8,0x00000000e3c80000)
 Metaspace       used 41780K, capacity 42682K, committed 42880K, reserved 1085440K
  class space    used 5637K, capacity 5912K, committed 6016K, reserved 1048576K
}
Event: 34.231 GC heap before
{Heap before GC invocations=12 (full 2):
 PSYoungGen      total 134656K, used 134510K [0x00000000f5580000, 0x0000000100000000, 0x0000000100000000)
  eden space 122368K, 100% used [0x00000000f5580000,0x00000000fcd00000,0x00000000fcd00000)
  from space 12288K, 98% used [0x00000000fcd00000,0x00000000fd8db9a0,0x00000000fd900000)
  to   space 13824K, 0% used [0x00000000ff280000,0x00000000ff280000,0x0000000100000000)
 ParOldGen       total 61952K, used 14499K [0x00000000e0000000, 0x00000000e3c80000, 0x00000000f5580000)
  object space 61952K, 23% used [0x00000000e0000000,0x00000000e0e28cf8,0x00000000e3c80000)
 Metaspace       used 49452K, capacity 50888K, committed 50944K, reserved 1093632K
  class space    used 6701K, capacity 7116K, committed 7168K, reserved 1048576K
Event: 34.285 GC heap after
Heap after GC invocations=12 (full 2):
 PSYoungGen      total 151552K, used 13812K [0x00000000f5580000, 0x0000000100000000, 0x0000000100000000)
  eden space 137728K, 0% used [0x00000000f5580000,0x00000000f5580000,0x00000000fdc00000)
  from space 13824K, 99% used [0x00000000ff280000,0x00000000ffffd070,0x0000000100000000)
  to   space 18432K, 0% used [0x00000000fdc00000,0x00000000fdc00000,0x00000000fee00000)
 ParOldGen       total 61952K, used 22422K [0x00000000e0000000, 0x00000000e3c80000, 0x00000000f5580000)
  object space 61952K, 36% used [0x00000000e0000000,0x00000000e15e5a40,0x00000000e3c80000)
 Metaspace       used 49452K, capacity 50888K, committed 50944K, reserved 1093632K
  class space    used 6701K, capacity 7116K, committed 7168K, reserved 1048576K
}
Event: 44.609 GC heap before
{Heap before GC invocations=13 (full 2):
 PSYoungGen      total 151552K, used 134898K [0x00000000f5580000, 0x0000000100000000, 0x0000000100000000)
  eden space 137728K, 87% used [0x00000000f5580000,0x00000000fcbbfa10,0x00000000fdc00000)
  from space 13824K, 99% used [0x00000000ff280000,0x00000000ffffd070,0x0000000100000000)
  to   space 18432K, 0% used [0x00000000fdc00000,0x00000000fdc00000,0x00000000fee00000)
 ParOldGen       total 61952K, used 22422K [0x00000000e0000000, 0x00000000e3c80000, 0x00000000f5580000)
  object space 61952K, 36% used [0x00000000e0000000,0x00000000e15e5a40,0x00000000e3c80000)
 Metaspace       used 57324K, capacity 58908K, committed 59028K, reserved 1099776K
  class space    used 7708K, capacity 8128K, committed 8192K, reserved 1048576K
Event: 44.691 GC heap after
Heap after GC invocations=13 (full 2):
 PSYoungGen      total 156160K, used 18400K [0x00000000f5580000, 0x0000000100000000, 0x0000000100000000)
  eden space 137728K, 0% used [0x00000000f5580000,0x00000000f5580000,0x00000000fdc00000)
  from space 18432K, 99% used [0x00000000fdc00000,0x00000000fedf8010,0x00000000fee00000)
  to   space 18432K, 0% used [0x00000000fee00000,0x00000000fee00000,0x0000000100000000)
 ParOldGen       total 61952K, used 37714K [0x00000000e0000000, 0x00000000e3c80000, 0x00000000f5580000)
  object space 61952K, 60% used [0x00000000e0000000,0x00000000e24d4880,0x00000000e3c80000)
 Metaspace       used 57324K, capacity 58908K, committed 59028K, reserved 1099776K
  class space    used 7708K, capacity 8128K, committed 8192K, reserved 1048576K
}
Event: 44.741 GC heap before
{Heap before GC invocations=14 (full 3):
 PSYoungGen      total 156160K, used 18400K [0x00000000f5580000, 0x0000000100000000, 0x0000000100000000)
  eden space 137728K, 0% used [0x00000000f5580000,0x00000000f5580000,0x00000000fdc00000)
  from space 18432K, 99% used [0x00000000fdc00000,0x00000000fedf8010,0x00000000fee00000)
  to   space 18432K, 0% used [0x00000000fee00000,0x00000000fee00000,0x0000000100000000)
 ParOldGen       total 61952K, used 37714K [0x00000000e0000000, 0x00000000e3c80000, 0x00000000f5580000)
  object space 61952K, 60% used [0x00000000e0000000,0x00000000e24d4880,0x00000000e3c80000)
 Metaspace       used 57324K, capacity 58908K, committed 59028K, reserved 1099776K
  class space    used 7708K, capacity 8128K, committed 8192K, reserved 1048576K

Deoptimization events (10 events):
Event: 44.162 Thread 0x00007ff765174800 Uncommon trap: reason=unstable_if action=reinterpret pc=0x00007ff7aa32ebb0 method=com.sun.tools.javac.code.Scope.lookup(Lcom/sun/tools/javac/util/Name;Lcom/sun/tools/javac/util/Filter;)Lcom/sun/tools/javac/code/Scope$Entry; @ 19
Event: 44.165 Thread 0x00007ff765174800 Uncommon trap: reason=unstable_if action=reinterpret pc=0x00007ff7aa35a17c method=com.sun.tools.javac.code.Symbol$ClassSymbol.members()Lcom/sun/tools/javac/code/Scope; @ 4
Event: 44.388 Thread 0x00007ff765174800 Uncommon trap: reason=unloaded action=reinterpret pc=0x00007ff7aa387c84 method=com.sun.tools.javac.jvm.ClassReader.readPool(I)Ljava/lang/Object; @ 436
Event: 44.469 Thread 0x00007ff765174800 Uncommon trap: reason=unstable_if action=reinterpret pc=0x00007ff7aa35d934 method=com.sun.tools.javac.code.Scope.dble()V @ 44
Event: 44.568 Thread 0x00007ff765174800 Uncommon trap: reason=bimorphic action=maybe_recompile pc=0x00007ff7a9d179d8 method=java.util.HashMap.putVal(ILjava/lang/Object;Ljava/lang/Object;ZZ)Ljava/lang/Object; @ 253
Event: 44.573 Thread 0x00007ff765174800 Uncommon trap: reason=unstable_if action=reinterpret pc=0x00007ff7aa3fcaf4 method=com.sun.tools.javac.code.Types$18.visitClassType(Lcom/sun/tools/javac/code/Type$ClassType;Ljava/lang/Void;)Lcom/sun/tools/javac/code/Type; @ 75
Event: 44.573 Thread 0x00007ff765174800 Uncommon trap: reason=unstable_if action=reinterpret pc=0x00007ff7aa410b14 method=com.sun.tools.javac.code.Types$18.visitClassType(Lcom/sun/tools/javac/code/Type$ClassType;Ljava/lang/Void;)Lcom/sun/tools/javac/code/Type; @ 75
Event: 44.573 Thread 0x00007ff765174800 Uncommon trap: reason=unstable_if action=reinterpret pc=0x00007ff7aa423bc0 method=com.sun.tools.javac.code.Types$19.visitClassType(Lcom/sun/tools/javac/code/Type$ClassType;Ljava/lang/Void;)Lcom/sun/tools/javac/util/List; @ 67
Event: 44.591 Thread 0x00007ff765174800 Uncommon trap: reason=bimorphic action=maybe_recompile pc=0x00007ff7a9d179d8 method=java.util.HashMap.putVal(ILjava/lang/Object;Ljava/lang/Object;ZZ)Ljava/lang/Object; @ 253
Event: 44.601 Thread 0x00007ff765174800 Uncommon trap: reason=bimorphic action=maybe_recompile pc=0x00007ff7a9d2025c method=java.util.HashMap.putVal(ILjava/lang/Object;Ljava/lang/Object;ZZ)Ljava/lang/Object; @ 253

Internal exceptions (10 events):
Event: 34.387 Thread 0x00007ff770007800 Exception <a 'java/lang/ClassNotFoundException': org/gradle/model/internal/core/ModelMapGroovyViewCustomizer> (0x00000000f5ade128) thrown at [/ssd/Android/AOSP-openjdk/external/jetbrains/jdk/hotspot/src/share/vm/classfile/systemDictionary.cpp, line 210]
Event: 34.388 Thread 0x00007ff770007800 Exception <a 'java/lang/ClassNotFoundException': org/gradle/model/internal/core/NodeBackedModelMapCustomizer> (0x00000000f5b04448) thrown at [/ssd/Android/AOSP-openjdk/external/jetbrains/jdk/hotspot/src/share/vm/classfile/systemDictionary.cpp, line 210]
Event: 34.391 Thread 0x00007ff770007800 Exception <a 'java/lang/ClassNotFoundException': org/gradle/platform/base/BinaryContainer_ImplCustomizer> (0x00000000f5b63e00) thrown at [/ssd/Android/AOSP-openjdk/external/jetbrains/jdk/hotspot/src/share/vm/classfile/systemDictionary.cpp, line 210]
Event: 35.707 Thread 0x00007ff770007800 Exception <a 'java/lang/NoSuchMethodError': <clinit>> (0x00000000f6350180) thrown at [/ssd/Android/AOSP-openjdk/external/jetbrains/jdk/hotspot/src/share/vm/prims/jni.cpp, line 1613]
Event: 35.710 Thread 0x00007ff770007800 Exception <a 'java/lang/NoSuchMethodError': <clinit>> (0x00000000f635ed30) thrown at [/ssd/Android/AOSP-openjdk/external/jetbrains/jdk/hotspot/src/share/vm/prims/jni.cpp, line 1613]
Event: 35.850 Thread 0x00007ff770007800 Exception <a 'java/lang/NoSuchMethodError': <clinit>> (0x00000000f63f01c8) thrown at [/ssd/Android/AOSP-openjdk/external/jetbrains/jdk/hotspot/src/share/vm/prims/jni.cpp, line 1613]
Event: 35.853 Thread 0x00007ff770007800 Exception <a 'java/lang/NoSuchMethodError': <clinit>> (0x00000000f640bec8) thrown at [/ssd/Android/AOSP-openjdk/external/jetbrains/jdk/hotspot/src/share/vm/prims/jni.cpp, line 1613]
Event: 35.853 Thread 0x00007ff770007800 Exception <a 'java/lang/NoSuchMethodError': <clinit>> (0x00000000f640dd30) thrown at [/ssd/Android/AOSP-openjdk/external/jetbrains/jdk/hotspot/src/share/vm/prims/jni.cpp, line 1613]
Event: 36.352 Thread 0x00007ff764bc9000 Exception <a 'java/io/IOException'> (0x00000000f6869f18) thrown at [/ssd/Android/AOSP-openjdk/external/jetbrains/jdk/hotspot/src/share/vm/prims/jni.cpp, line 709]
Event: 41.352 Thread 0x00007ff764bc9000 Exception <a 'java/io/IOException'> (0x00000000f6872790) thrown at [/ssd/Android/AOSP-openjdk/external/jetbrains/jdk/hotspot/src/share/vm/prims/jni.cpp, line 709]

Events (10 events):
Event: 44.602 loading class com/sun/tools/javac/jvm/Code done
Event: 44.607 loading class com/sun/tools/javac/jvm/Code$1
Event: 44.607 loading class com/sun/tools/javac/jvm/Code$1 done
Event: 44.607 loading class com/sun/tools/javac/jvm/Code$State
Event: 44.607 loading class com/sun/tools/javac/jvm/Code$State done
Event: 44.608 loading class com/sun/tools/javac/jvm/Code$LocalVar
Event: 44.608 loading class com/sun/tools/javac/jvm/Code$LocalVar done
Event: 44.609 loading class com/sun/tools/javac/jvm/Items
Event: 44.609 loading class com/sun/tools/javac/jvm/Items done
Event: 44.609 Executing VM operation: CollectForMetadataAllocation


Dynamic libraries:
00400000-00401000 r-xp 00000000 08:05 29878                              /media/saurabh/Local Disk(E)/android-studio/jre/bin/java
00600000-00601000 r--p 00000000 08:05 29878                              /media/saurabh/Local Disk(E)/android-studio/jre/bin/java
00601000-00602000 rw-p 00001000 08:05 29878                              /media/saurabh/Local Disk(E)/android-studio/jre/bin/java
01367000-01388000 rw-p 00000000 00:00 0                                  [heap]
e0000000-e3c80000 rw-p 00000000 00:00 0 
e7980000-f5580000 ---p 00000000 00:00 0 
f5580000-100000000 rw-p 00000000 00:00 0 
100000000-100800000 rw-p 00000000 00:00 0 
100800000-140000000 ---p 00000000 00:00 0 
7ff764000000-7ff765186000 rw-p 00000000 00:00 0 
7ff765186000-7ff768000000 ---p 00000000 00:00 0 
7ff76a5fc000-7ff76a7a1000 rw-p 00000000 00:00 0 
7ff76a7a1000-7ff76a7fc000 ---p 00000000 00:00 0 
7ff76a7fc000-7ff76a9fc000 rw-p 00000000 00:00 0 
7ff76a9fc000-7ff76a9ff000 ---p 00000000 00:00 0 
7ff76a9ff000-7ff76acfd000 rw-p 00000000 00:00 0 
7ff76acfd000-7ff76ad00000 ---p 00000000 00:00 0 
7ff76ad00000-7ff76adfe000 rw-p 00000000 00:00 0 
7ff76adfe000-7ff76ae01000 ---p 00000000 00:00 0 
7ff76ae01000-7ff76aeff000 rw-p 00000000 00:00 0 
7ff76aeff000-7ff76af02000 ---p 00000000 00:00 0 
7ff76af02000-7ff76b200000 rw-p 00000000 00:00 0 
7ff76b200000-7ff76b400000 rw-p 00000000 00:00 0 
7ff76b400000-7ff76b600000 rw-p 00000000 00:00 0 
7ff76b600000-7ff76b800000 rw-p 00000000 00:00 0 
7ff76b800000-7ff76ba00000 rw-p 00000000 00:00 0 
7ff76ba00000-7ff76bc00000 rw-p 00000000 00:00 0 
7ff76bc00000-7ff76be00000 rw-p 00000000 00:00 0 
7ff76be00000-7ff76c000000 rw-p 00000000 00:00 0 
7ff76c000000-7ff76c021000 rw-p 00000000 00:00 0 
7ff76c021000-7ff770000000 ---p 00000000 00:00 0 
7ff770000000-7ff770285000 rw-p 00000000 00:00 0 
7ff770285000-7ff774000000 ---p 00000000 00:00 0 
7ff774000000-7ff774075000 rw-p 00000000 00:00 0 
7ff774075000-7ff778000000 ---p 00000000 00:00 0 
7ff778000000-7ff778021000 rw-p 00000000 00:00 0 
7ff778021000-7ff77c000000 ---p 00000000 00:00 0 
7ff77c08f000-7ff77c0a2000 r--s 00344000 08:05 29901                      /media/saurabh/Local Disk(E)/android-studio/jre/jre/lib/resources.jar
7ff77c0a2000-7ff77c0a5000 ---p 00000000 00:00 0 
7ff77c0a5000-7ff77c3a3000 rw-p 00000000 00:00 0 
7ff77c3a3000-7ff77c3b7000 r--s 000b4000 08:06 268792                     /home/saurabh/.gradle/caches/jars-3/d807f16514c6b4976965307bd4b79954/uast-162.2228.14.jar
7ff77c3b7000-7ff77c3b9000 r--s 0000d000 08:06 2253679                    /home/saurabh/.gradle/caches/jars-3/a6ebc4ec06596d0cd57fb5147503bb3c/commons-codec-1.4.jar
7ff77c3b9000-7ff77c3bb000 r--s 0000d000 08:06 1067285                    /home/saurabh/.gradle/caches/jars-3/ccc849edcf9fccd61ed937bf93ffe896/commons-logging-1.1.1.jar
7ff77c3bb000-7ff77c3c0000 r--s 00028000 08:06 2140092                    /home/saurabh/.gradle/caches/jars-3/e6a42d7d86039e4a9d03b9356afcd546/httpcore-4.1.jar
7ff77c3c0000-7ff77c3c1000 r--s 00004000 08:06 1067281                    /home/saurabh/.gradle/caches/jars-3/3a4299d1ce3e273e7c03a9ccf5a1e333/annotations-12.0.jar
7ff77c3c1000-7ff77c3c2000 r--s 0000a000 08:06 930758                     /home/saurabh/.gradle/caches/jars-3/5b8b36ed61fe92731031cca3c9b3a0b3/kxml2-2.3.0.jar
7ff77c3c2000-7ff77c3c4000 r--s 00005000 08:06 930756                     /home/saurabh/.gradle/caches/jars-3/f10e1e1978816198f2eb1189c974b440/httpmime-4.1.jar
7ff77c3c4000-7ff77c3cc000 r--s 0004e000 08:06 1846214                    /home/saurabh/.gradle/caches/jars-3/b53c6235c49a94a3a8e506e42c7d54fb/httpclient-4.1.1.jar
7ff77c3cc000-7ff77c3d3000 r--s 00053000 08:06 930752                     /home/saurabh/.gradle/caches/jars-3/28e64c4d02154ee30a12b14be38e78af/commons-compress-1.8.1.jar
7ff77c3d3000-7ff77c3d8000 r--s 0002a000 08:06 1714936                    /home/saurabh/.gradle/caches/jars-3/2a67de85c1e99ee62c2c2d8af5e1125b/gson-2.2.4.jar
7ff77c3d8000-7ff77c3dd000 r--s 00058000 08:06 1209781                    /home/saurabh/.gradle/caches/jars-3/bb3f0c8da73e37889b65d5e152c01f8e/asm-debug-all-5.0.1.jar
7ff77c3dd000-7ff77c3ed000 r--s 000d5000 08:06 931441                     /home/saurabh/.gradle/caches/jars-3/2593270bd55c0fcc5de8777526944ca9/proguard-base-5.3.2.jar
7ff77c3ed000-7ff77c3ee000 r--s 00001000 08:06 1458907                    /home/saurabh/.gradle/caches/jars-3/5490dab600b4512e84b72c27ac837f7b/annotations-25.3.3.jar
7ff77c3ee000-7ff77c3f1000 r--s 00033000 08:06 930744                     /home/saurabh/.gradle/caches/jars-3/0ce03714647bf7bd3c78634c20ddbf38/juniversalchardet-1.0.3.jar
7ff77c3f1000-7ff77c3f5000 r--s 0002a000 08:06 930742                     /home/saurabh/.gradle/caches/jars-3/9849af6d4b0409ba64061601342f385d/commons-io-2.4.jar
7ff77c3f5000-7ff77c40c000 r--s 00154000 08:06 930740                     /home/saurabh/.gradle/caches/jars-3/57adf9abd30c921d4ea1dfdcfe7b9efd/antlr4-4.5.3.jar
7ff77c40c000-7ff77c40e000 r--s 00002000 08:06 1458905                    /home/saurabh/.gradle/caches/jars-3/329562a1ceec1ec94ec17e5a3a0a6fe5/baseLibrary-2.3.3.jar
7ff77c40e000-7ff77c439000 r--s 001fc000 08:06 539313                     /home/saurabh/.gradle/caches/jars-3/57dffb91fa05ba585a582c9f3b0be2b1/guava-18.0.jar
7ff77c439000-7ff77c441000 r--s 000a8000 08:06 930734                     /home/saurabh/.gradle/caches/jars-3/6cc57ce9ec0d90186f781694264d61bc/lombok-ast-0.2.3.jar
7ff77c441000-7ff77c445000 r--s 0002f000 08:06 930732                     /home/saurabh/.gradle/caches/jars-3/505fcc8c47da308b2f1262f0ff3c65f1/jimfs-1.1.jar
7ff77c445000-7ff77c458000 r--s 00241000 08:06 930730                     /home/saurabh/.gradle/caches/jars-3/d8dc71eb6d91c966c45f7b594129e14a/ecj-4.6.1.jar
7ff77c458000-7ff77c48b000 r--s 00203000 08:06 271030                     /home/saurabh/.gradle/caches/jars-3/3cf93c3b296899be060ca4f9038f79b5/bcprov-jdk15on-1.48.jar
7ff77c48b000-7ff77c499000 r--s 00081000 08:06 271029                     /home/saurabh/.gradle/caches/jars-3/f008d91a5541639737ca5ffbc84a7b0c/bcpkix-jdk15on-1.48.jar
7ff77c499000-7ff77c49b000 r--s 00002000 08:06 930722                     /home/saurabh/.gradle/caches/jars-3/f268e5e8fc83bb846ac355d6a16b1f30/javawriter-2.5.0.jar
7ff77c49b000-7ff77c49c000 r--s 00001000 08:06 1210982                    /home/saurabh/.gradle/caches/jars-3/33c965c4ea9767c2341add6217039a89/jill-api-0.10.0.jar
7ff77c49c000-7ff77c49e000 r--s 00003000 08:06 1210980                    /home/saurabh/.gradle/caches/jars-3/e984a658c2551e60894d5aff6a0c53d1/jack-api-0.13.0.jar
7ff77c49e000-7ff77c4a1000 r--s 0001c000 08:06 932552                     /home/saurabh/.gradle/caches/jars-3/1fd092e0b93817480b57fe402da3d77b/common-25.3.3.jar
7ff77c4a1000-7ff77c4a6000 r--s 0002e000 08:06 932550                     /home/saurabh/.gradle/caches/jars-3/697f867b78cb50dc0271c8edd8712663/repository-25.3.3.jar
7ff77c4a6000-7ff77c4a8000 r--s 00006000 08:06 268791                     /home/saurabh/.gradle/caches/jars-3/89ca6dfb847f0e9088aa7f6a9d9f290c/dvlib-25.3.3.jar
7ff77c4a8000-7ff77c4aa000 r--s 00013000 08:06 268790                     /home/saurabh/.gradle/caches/jars-3/d21f3a905306af238037a9a54e627b23/layoutlib-api-25.3.3.jar
7ff77c4aa000-7ff77c4b0000 r--s 0004a000 08:06 268789                     /home/saurabh/.gradle/caches/jars-3/0fdb475c5d6589fe33bc1d0146a148f0/ddmlib-25.3.3.jar
7ff77c4b0000-7ff77c4ba000 r--s 00098000 08:06 268788                     /home/saurabh/.gradle/caches/jars-3/df72ad870668eb960046454a5ca4e1c3/sdklib-25.3.3.jar
7ff77c4ba000-7ff77c4bb000 r--s 00002000 08:06 268787                     /home/saurabh/.gradle/caches/jars-3/17584787d2b61c053a94dbb5524ff39e/builder-test-api-2.3.3.jar
7ff77c4bb000-7ff77c4be000 r--s 00006000 08:06 268786                     /home/saurabh/.gradle/caches/jars-3/8ba7042134bbaede9def2e0d7fd8975d/builder-model-2.3.3.jar
7ff77c4be000-7ff77c4c7000 r--s 00089000 08:06 268785                     /home/saurabh/.gradle/caches/jars-3/0af1f8ae67a0078b9041342276ae5baf/sdk-common-25.3.3.jar
7ff77c4c7000-7ff77c4ca000 r--s 00022000 08:06 268784                     /home/saurabh/.gradle/caches/jars-3/3fa38b32f9879b88ede683b64b9fd5a1/manifest-merger-25.3.3.jar
7ff77c4ca000-7ff77c4d9000 r--s 00130000 08:06 801825                     /home/saurabh/.gradle/caches/jars-3/72ba1443c6adcea1f6ba21e12f0bb0fc/protobuf-java-3.0.0.jar
7ff77c4d9000-7ff77c4e7000 r--s 00147000 08:06 268783                     /home/saurabh/.gradle/caches/jars-3/fa307f550925b2ae834e9cfe305921d8/protos-25.3.3.jar
7ff77c4e7000-7ff77c4e8000 r--s 00005000 08:06 268782                     /home/saurabh/.gradle/caches/jars-3/a4d0eaeb5f27d80454778df0622909d0/shared-25.3.3.jar
7ff77c4e8000-7ff77c4ea000 r--s 00004000 08:06 268781                     /home/saurabh/.gradle/caches/jars-3/ef3335f4af4f6057eb4625bca46982e0/tracker-25.3.3.jar
7ff77c4ea000-7ff77c4ec000 r--s 0000f000 08:06 801817                     /home/saurabh/.gradle/caches/jars-3/96760c32d36a5d7066e3ccf088bfd362/jopt-simple-4.9.jar
7ff77c4ec000-7ff77c4f0000 r--s 0001d000 08:06 271025                     /home/saurabh/.gradle/caches/jars-3/b76ebf92f16d3130bb152f3a9ed2c5da/org.jacoco.core-0.7.5.201505241946.jar
7ff77c4f0000-7ff77c4f4000 r--s 0001f000 08:06 271024                     /home/saurabh/.gradle/caches/jars-3/bdc4a17755a6c76ca06da33f9769dd1a/org.jacoco.report-0.7.5.201505241946.jar
7ff77c4f4000-7ff77c4f6000 r--s 00002000 08:06 271023                     /home/saurabh/.gradle/caches/jars-3/c514881ec761129e95c128962253e435/proguard-gradle-5.3.2.jar
7ff77c4f6000-7ff77c4f8000 r--s 0000c000 08:06 801809                     /home/saurabh/.gradle/caches/jars-3/89d4e96406657abb09b3aa2a0f36045e/asm-5.0.4.jar
7ff77c4f8000-7ff77c4fc000 r--s 00040000 08:06 268780                     /home/saurabh/.gradle/caches/jars-3/1fb124bc455134a42a4ed086c7c1dc53/lint-api-25.3.3.jar
7ff77c4fc000-7ff77c4ff000 ---p 00000000 00:00 0 
7ff77c4ff000-7ff77c5fd000 rw-p 00000000 00:00 0 
7ff77c5fd000-7ff77c600000 ---p 00000000 00:00 0 
7ff77c600000-7ff77c8fe000 rw-p 00000000 00:00 0 
7ff77c8fe000-7ff77cafe000 rw-p 00000000 00:00 0 
7ff77cafe000-7ff77cb01000 ---p 00000000 00:00 0 
7ff77cb01000-7ff77cdff000 rw-p 00000000 00:00 0 
7ff77cdff000-7ff77cfff000 rw-p 00000000 00:00 0 
7ff77cfff000-7ff780000000 rw-p 00000000 00:00 0 
7ff780000000-7ff780999000 rw-p 00000000 00:00 0 
7ff780999000-7ff784000000 ---p 00000000 00:00 0 
7ff784000000-7ff784021000 rw-p 00000000 00:00 0 
7ff784021000-7ff788000000 ---p 00000000 00:00 0 
7ff788000000-7ff788021000 rw-p 00000000 00:00 0 
7ff788021000-7ff78c000000 ---p 00000000 00:00 0 
7ff78c000000-7ff78e2fd000 rw-p 00000000 00:00 0 
7ff78e2fd000-7ff790000000 ---p 00000000 00:00 0 
7ff790000000-7ff790021000 rw-p 00000000 00:00 0 
7ff790021000-7ff794000000 ---p 00000000 00:00 0 
7ff794000000-7ff794021000 rw-p 00000000 00:00 0 
7ff794021000-7ff798000000 ---p 00000000 00:00 0 
7ff798000000-7ff7982e7000 rw-p 00000000 00:00 0 
7ff7982e7000-7ff79c000000 ---p 00000000 00:00 0 
7ff79c000000-7ff79c007000 r--s 000d9000 08:06 268779                     /home/saurabh/.gradle/caches/jars-3/ec880e3a112069626385846683a9ff78/lint-checks-25.3.3.jar
7ff79c007000-7ff79c01d000 r--s 00163000 08:06 268774                     /home/saurabh/.gradle/caches/jars-3/58f071142e322a64c64e6871fe2b64c3/builder-2.3.3.jar
7ff79c01d000-7ff79c21d000 rw-p 00000000 00:00 0 
7ff79c21d000-7ff79c296000 r--s 010ed000 08:05 29843                      /media/saurabh/Local Disk(E)/android-studio/jre/lib/tools.jar
7ff79c296000-7ff79c298000 r--s 00006000 08:06 801807                     /home/saurabh/.gradle/caches/jars-3/767849ee24c8e62d79a00d769acdce90/asm-tree-5.0.4.jar
7ff79c298000-7ff79c299000 r--s 00004000 08:06 801801                     /home/saurabh/.gradle/caches/jars-3/3bd714e16ff981cf5f225361b18588ce/asm-analysis-5.0.4.jar
7ff79c299000-7ff79c29b000 r--s 00009000 08:06 801803                     /home/saurabh/.gradle/caches/jars-3/2484aee2fe8963a490ff41f797f58c4c/asm-commons-5.0.4.jar
7ff79c29b000-7ff79c2a0000 r--s 0002c000 08:06 268778                     /home/saurabh/.gradle/caches/jars-3/5c8b54440855a03d61c53bfb16a7737b/compilerCommon-2.3.3.jar
7ff79c2a0000-7ff79c2a1000 r--s 00002000 08:06 268777                     /home/saurabh/.gradle/caches/jars-3/214e9ff8c7cc31924b6052a98ecd9e5e/gradle-api-2.3.3.jar
7ff79c2a1000-7ff79c2a2000 r--s 00000000 08:06 268776                     /home/saurabh/.gradle/caches/jars-3/71f6637d86b9a321bc3f5989adcaa159/transform-api-2.0.0-deprecated-use-gradle-api.jar
7ff79c2a2000-7ff79c2a7000 r--s 0005e000 08:06 268775                     /home/saurabh/.gradle/caches/jars-3/f723adcc2094a096725425d6e98eec1e/lint-25.3.3.jar
7ff79c2a7000-7ff79c2c6000 r--s 001ca000 08:06 268773                     /home/saurabh/.gradle/caches/jars-3/1975588ae427dd73b7f38bc98da642c3/gradle-core-2.3.3.jar
7ff79c2c6000-7ff79c2c8000 r--s 0000d000 08:06 268772                     /home/saurabh/.gradle/caches/jars-3/7278aff4af32cc4582f38eb3649207ba/gradle-2.3.3.jar
7ff79c2c8000-7ff79c2c9000 r--s 00004000 08:06 1456388                    /home/saurabh/.gradle/caches/modules-2/files-2.1/com.google.gms/google-services/2.0.0-alpha6/544d625fdb6cf2e6860f844ab6950c75108d510b/google-services-2.0.0-alpha6.jar
7ff79c2c9000-7ff79c4c9000 rw-p 00000000 00:00 0 
7ff79c4c9000-7ff79c6c9000 rw-p 00000000 00:00 0 
7ff79c6c9000-7ff79c6cc000 ---p 00000000 00:00 0 
7ff79c6cc000-7ff79c7ca000 rw-p 00000000 00:00 0 
7ff79c7ca000-7ff79c7cd000 ---p 00000000 00:00 0 
7ff79c7cd000-7ff79c8cb000 rw-p 00000000 00:00 0 
7ff79c8cb000-7ff79c8ce000 ---p 00000000 00:00 0 
7ff79c8ce000-7ff79cbcc000 rw-p 00000000 00:00 0 
7ff79cbcc000-7ff79cbcf000 ---p 00000000 00:00 0 
7ff79cbcf000-7ff79cccd000 rw-p 00000000 00:00 0 
7ff79cccd000-7ff79ccd0000 ---p 00000000 00:00 0 
7ff79ccd0000-7ff79cdce000 rw-p 00000000 00:00 0 
7ff79cdce000-7ff79cdd1000 ---p 00000000 00:00 0 
7ff79cdd1000-7ff79cecf000 rw-p 00000000 00:00 0 
7ff79cecf000-7ff79ced2000 ---p 00000000 00:00 0 
7ff79ced2000-7ff79cfd0000 rw-p 00000000 00:00 0 
7ff79cfd0000-7ff79cfd3000 ---p 00000000 00:00 0 
7ff79cfd3000-7ff79d0d1000 rw-p 00000000 00:00 0 
7ff79d0d1000-7ff79d0d4000 ---p 00000000 00:00 0 
7ff79d0d4000-7ff79d1d2000 rw-p 00000000 00:00 0 
7ff79d1d2000-7ff79d1d5000 ---p 00000000 00:00 0 
7ff79d1d5000-7ff79d2d3000 rw-p 00000000 00:00 0 
7ff79d2d3000-7ff79d2da000 r--s 00000000 08:06 1451766                    /usr/lib/x86_64-linux-gnu/gconv/gconv-modules.cache
7ff79d2da000-7ff79d2dd000 ---p 00000000 00:00 0 
7ff79d2dd000-7ff79d5db000 rw-p 00000000 00:00 0 
7ff79d5db000-7ff79d5e4000 r-xp 00000000 08:05 29979                      /media/saurabh/Local Disk(E)/android-studio/jre/jre/lib/amd64/libmanagement.so
7ff79d5e4000-7ff79d7e3000 ---p 00009000 08:05 29979                      /media/saurabh/Local Disk(E)/android-studio/jre/jre/lib/amd64/libmanagement.so
7ff79d7e3000-7ff79d7e4000 r--p 00008000 08:05 29979                      /media/saurabh/Local Disk(E)/android-studio/jre/jre/lib/amd64/libmanagement.so
7ff79d7e4000-7ff79d7e5000 rw-p 00009000 08:05 29979                      /media/saurabh/Local Disk(E)/android-studio/jre/jre/lib/amd64/libmanagement.so
7ff79d7e5000-7ff79d7ea000 r--s 00098000 08:05 29953                      /media/saurabh/Local Disk(E)/android-studio/jre/jre/lib/jsse.jar
7ff79d7ea000-7ff79d7ec000 r--s 00007000 08:06 534708                     /home/saurabh/.gradle/wrapper/dists/gradle-4.0-rc-1-all/f2e4agya6jovmpf9txk9t7844/gradle-4.0-rc-1/lib/plugins/gradle-tooling-api-builders-4.0.jar
7ff79d7ec000-7ff79d7ef000 r--s 00009000 08:06 534718                     /home/saurabh/.gradle/wrapper/dists/gradle-4.0-rc-1-all/f2e4agya6jovmpf9txk9t7844/gradle-4.0-rc-1/lib/plugins/gradle-testing-native-4.0.jar
7ff79d7ef000-7ff79d7f1000 r--s 00009000 08:06 534791                     /home/saurabh/.gradle/wrapper/dists/gradle-4.0-rc-1-all/f2e4agya6jovmpf9txk9t7844/gradle-4.0-rc-1/lib/plugins/hamcrest-core-1.3.jar
7ff79d7f1000-7ff79d7f6000 r--s 00040000 08:06 534786                     /home/saurabh/.gradle/wrapper/dists/gradle-4.0-rc-1-all/f2e4agya6jovmpf9txk9t7844/gradle-4.0-rc-1/lib/plugins/bsh-2.0b4.jar
7ff79d7f6000-7ff79d7f8000 r--s 00006000 08:06 534787                     /home/saurabh/.gradle/wrapper/dists/gradle-4.0-rc-1-all/f2e4agya6jovmpf9txk9t7844/gradle-4.0-rc-1/lib/plugins/jcommander-1.12.jar
7ff79d7f8000-7ff79d7fe000 r--s 00033000 08:06 534788                     /home/saurabh/.gradle/wrapper/dists/gradle-4.0-rc-1-all/f2e4agya6jovmpf9txk9t7844/gradle-4.0-rc-1/lib/plugins/snakeyaml-1.6.jar
7ff79d7fe000-7ff79d807000 r--s 00089000 08:06 534746                     /home/saurabh/.gradle/wrapper/dists/gradle-4.0-rc-1-all/f2e4agya6jovmpf9txk9t7844/gradle-4.0-rc-1/lib/plugins/testng-6.3.1.jar
7ff79d807000-7ff79d80f000 r--s 00045000 08:06 534747                     /home/saurabh/.gradle/wrapper/dists/gradle-4.0-rc-1-all/f2e4agya6jovmpf9txk9t7844/gradle-4.0-rc-1/lib/plugins/junit-4.12.jar
7ff79d80f000-7ff79d815000 r--s 0002e000 08:06 534714                     /home/saurabh/.gradle/wrapper/dists/gradle-4.0-rc-1-all/f2e4agya6jovmpf9txk9t7844/gradle-4.0-rc-1/lib/plugins/gradle-testing-jvm-4.0.jar
7ff79d815000-7ff79d819000 r--s 00016000 08:06 534722                     /home/saurabh/.gradle/wrapper/dists/gradle-4.0-rc-1-all/f2e4agya6jovmpf9txk9t7844/gradle-4.0-rc-1/lib/plugins/gradle-testing-base-4.0.jar
7ff79d819000-7ff79d820000 r--s 00038000 08:06 534742                     /home/saurabh/.gradle/wrapper/dists/gradle-4.0-rc-1-all/f2e4agya6jovmpf9txk9t7844/gradle-4.0-rc-1/lib/plugins/bcpg-jdk15on-1.51.jar
7ff79d820000-7ff79d822000 r--s 0000c000 08:06 534693                     /home/saurabh/.gradle/wrapper/dists/gradle-4.0-rc-1-all/f2e4agya6jovmpf9txk9t7844/gradle-4.0-rc-1/lib/plugins/gradle-signing-4.0.jar
7ff79d822000-7ff79d824000 r--s 00007000 08:06 534699                     /home/saurabh/.gradle/wrapper/dists/gradle-4.0-rc-1-all/f2e4agya6jovmpf9txk9t7844/gradle-4.0-rc-1/lib/plugins/gradle-scala-4.0.jar
7ff79d824000-7ff79d825000 r--s 00004000 08:06 534730                     /home/saurabh/.gradle/wrapper/dists/gradle-4.0-rc-1-all/f2e4agya6jovmpf9txk9t7844/gradle-4.0-rc-1/lib/plugins/gradle-resources-sftp-4.0.jar
7ff79d825000-7ff79d835000 r--s 00088000 08:06 534759                     /home/saurabh/.gradle/wrapper/dists/gradle-4.0-rc-1-all/f2e4agya6jovmpf9txk9t7844/gradle-4.0-rc-1/lib/plugins/joda-time-2.8.2.jar
7ff79d835000-7ff79d846000 r--s 0010d000 08:06 534758                     /home/saurabh/.gradle/wrapper/dists/gradle-4.0-rc-1-all/f2e4agya6jovmpf9txk9t7844/gradle-4.0-rc-1/lib/plugins/jackson-databind-2.6.6.jar
7ff79d846000-7ff79d849000 r--s 00009000 08:06 534757                     /home/saurabh/.gradle/wrapper/dists/gradle-4.0-rc-1-all/f2e4agya6jovmpf9txk9t7844/gradle-4.0-rc-1/lib/plugins/jackson-annotations-2.6.6.jar
7ff79d849000-7ff79d84d000 r--s 0003c000 08:06 534756                     /home/saurabh/.gradle/wrapper/dists/gradle-4.0-rc-1-all/f2e4agya6jovmpf9txk9t7844/gradle-4.0-rc-1/lib/plugins/jackson-core-2.6.6.jar
7ff79d84d000-7ff79d85b000 r--s 00087000 08:06 534755                     /home/saurabh/.gradle/wrapper/dists/gradle-4.0-rc-1-all/f2e4agya6jovmpf9txk9t7844/gradle-4.0-rc-1/lib/plugins/aws-java-sdk-core-1.11.6.jar
7ff79d85b000-7ff79d862000 r--s 00057000 08:06 534754                     /home/saurabh/.gradle/wrapper/dists/gradle-4.0-rc-1-all/f2e4agya6jovmpf9txk9t7844/gradle-4.0-rc-1/lib/plugins/aws-java-sdk-kms-1.11.6.jar
7ff79d862000-7ff79d86f000 r--s 0008e000 08:06 534753                     /home/saurabh/.gradle/wrapper/dists/gradle-4.0-rc-1-all/f2e4agya6jovmpf9txk9t7844/gradle-4.0-rc-1/lib/plugins/aws-java-sdk-s3-1.11.6.jar
7ff79d86f000-7ff79d871000 r--s 00004000 08:06 534727                     /home/saurabh/.gradle/wrapper/dists/gradle-4.0-rc-1-all/f2e4agya6jovmpf9txk9t7844/gradle-4.0-rc-1/lib/plugins/gradle-resources-s3-4.0.jar
7ff79d871000-7ff79d873000 r--s 00010000 08:06 534723                     /home/saurabh/.gradle/wrapper/dists/gradle-4.0-rc-1-all/f2e4agya6jovmpf9txk9t7844/gradle-4.0-rc-1/lib/plugins/gradle-reporting-4.0.jar
7ff79d873000-7ff79d875000 r--s 00002000 08:06 534724                     /home/saurabh/.gradle/wrapper/dists/gradle-4.0-rc-1-all/f2e4agya6jovmpf9txk9t7844/gradle-4.0-rc-1/lib/plugins/gradle-publish-4.0.jar
7ff79d875000-7ff79d877000 r--s 00009000 08:06 534735                     /home/saurabh/.gradle/wrapper/dists/gradle-4.0-rc-1-all/f2e4agya6jovmpf9txk9t7844/gradle-4.0-rc-1/lib/plugins/commons-cli-1.2.jar
7ff79d877000-7ff79d87d000 r--s 00036000 08:06 534707                     /home/saurabh/.gradle/wrapper/dists/gradle-4.0-rc-1-all/f2e4agya6jovmpf9txk9t7844/gradle-4.0-rc-1/lib/plugins/gradle-plugins-4.0.jar
7ff79d87d000-7ff79d87f000 r--s 00009000 08:06 534694                     /home/saurabh/.gradle/wrapper/dists/gradle-4.0-rc-1-all/f2e4agya6jovmpf9txk9t7844/gradle-4.0-rc-1/lib/plugins/gradle-plugin-development-4.0.jar
7ff79d87f000-7ff79d885000 r--s 0002b000 08:06 534702                     /home/saurabh/.gradle/wrapper/dists/gradle-4.0-rc-1-all/f2e4agya6jovmpf9txk9t7844/gradle-4.0-rc-1/lib/plugins/gradle-platform-play-4.0.jar
7ff79d885000-7ff79d893000 r--s 00056000 08:06 534720                     /home/saurabh/.gradle/wrapper/dists/gradle-4.0-rc-1-all/f2e4agya6jovmpf9txk9t7844/gradle-4.0-rc-1/lib/plugins/gradle-platform-native-4.0.jar
7ff79d893000-7ff79d897000 r--s 0001b000 08:06 534717                     /home/saurabh/.gradle/wrapper/dists/gradle-4.0-rc-1-all/f2e4agya6jovmpf9txk9t7844/gradle-4.0-rc-1/lib/plugins/gradle-platform-jvm-4.0.jar
7ff79d897000-7ff79d89f000 r--s 00027000 08:06 534725                     /home/saurabh/.gradle/wrapper/dists/gradle-4.0-rc-1-all/f2e4agya6jovmpf9txk9t7844/gradle-4.0-rc-1/lib/plugins/gradle-platform-base-4.0.jar
7ff79d89f000-7ff79d8c7000 r--s 0021c000 08:06 534736                     /home/saurabh/.gradle/wrapper/dists/gradle-4.0-rc-1-all/f2e4agya6jovmpf9txk9t7844/gradle-4.0-rc-1/lib/plugins/biz.aQute.bndlib-3.2.0.jar
7ff79d8c7000-7ff79d8c8000 r--s 00004000 08:06 534692                     /home/saurabh/.gradle/wrapper/dists/gradle-4.0-rc-1-all/f2e4agya6jovmpf9txk9t7844/gradle-4.0-rc-1/lib/plugins/gradle-osgi-4.0.jar
7ff79d8c8000-7ff79d8cb000 r--s 0000c000 08:06 534739                     /home/saurabh/.gradle/wrapper/dists/gradle-4.0-rc-1-all/f2e4agya6jovmpf9txk9t7844/gradle-4.0-rc-1/lib/plugins/pmaven-groovy-0.8-20100325.jar
7ff79d8cb000-7ff79d8cc000 r--s 00004000 08:06 534738                     /home/saurabh/.gradle/wrapper/dists/gradle-4.0-rc-1-all/f2e4agya6jovmpf9txk9t7844/gradle-4.0-rc-1/lib/plugins/pmaven-common-0.8-20100325.jar
7ff79d8cc000-7ff79d8d2000 r--s 00023000 08:06 534695                     /home/saurabh/.gradle/wrapper/dists/gradle-4.0-rc-1-all/f2e4agya6jovmpf9txk9t7844/gradle-4.0-rc-1/lib/plugins/gradle-maven-4.0.jar
7ff79d8d2000-7ff79d8d5000 r--s 0000b000 08:06 534713                     /home/saurabh/.gradle/wrapper/dists/gradle-4.0-rc-1-all/f2e4agya6jovmpf9txk9t7844/gradle-4.0-rc-1/lib/plugins/gradle-language-scala-4.0.jar
7ff79d8d5000-7ff79d8db000 r--s 0001a000 08:06 534719                     /home/saurabh/.gradle/wrapper/dists/gradle-4.0-rc-1-all/f2e4agya6jovmpf9txk9t7844/gradle-4.0-rc-1/lib/plugins/gradle-language-native-4.0.jar
7ff79d8db000-7ff79d8de000 r--s 00004000 08:06 534716                     /home/saurabh/.gradle/wrapper/dists/gradle-4.0-rc-1-all/f2e4agya6jovmpf9txk9t7844/gradle-4.0-rc-1/lib/plugins/gradle-language-jvm-4.0.jar
7ff79d8de000-7ff79d8e5000 r--s 0002e000 08:06 534715                     /home/saurabh/.gradle/wrapper/dists/gradle-4.0-rc-1-all/f2e4agya6jovmpf9txk9t7844/gradle-4.0-rc-1/lib/plugins/gradle-language-java-4.0.jar
7ff79d8e5000-7ff79d8e7000 r--s 0000a000 08:06 534712                     /home/saurabh/.gradle/wrapper/dists/gradle-4.0-rc-1-all/f2e4agya6jovmpf9txk9t7844/gradle-4.0-rc-1/lib/plugins/gradle-language-groovy-4.0.jar
7ff79d8e7000-7ff79d8ee000 r--s 00035000 08:06 534745                     /home/saurabh/.gradle/wrapper/dists/gradle-4.0-rc-1-all/f2e4agya6jovmpf9txk9t7844/gradle-4.0-rc-1/lib/plugins/simple-4.1.21.jar
7ff79d8ee000-7ff79d8fa000 r--s 00100000 08:06 534743                     /home/saurabh/.gradle/wrapper/dists/gradle-4.0-rc-1-all/f2e4agya6jovmpf9txk9t7844/gradle-4.0-rc-1/lib/plugins/rhino-1.7R3.jar
7ff79d8fa000-7ff79d8fe000 r--s 00012000 08:06 534703                     /home/saurabh/.gradle/wrapper/dists/gradle-4.0-rc-1-all/f2e4agya6jovmpf9txk9t7844/gradle-4.0-rc-1/lib/plugins/gradle-javascript-4.0.jar
7ff79d8fe000-7ff79d901000 r--s 00011000 08:06 534705                     /home/saurabh/.gradle/wrapper/dists/gradle-4.0-rc-1-all/f2e4agya6jovmpf9txk9t7844/gradle-4.0-rc-1/lib/plugins/gradle-jacoco-4.0.jar
7ff79d901000-7ff79d904000 r--s 0000e000 08:06 534704                     /home/saurabh/.gradle/wrapper/dists/gradle-4.0-rc-1-all/f2e4agya6jovmpf9txk9t7844/gradle-4.0-rc-1/lib/plugins/gradle-ivy-4.0.jar
7ff79d904000-7ff79d905000 r--s 00002000 08:06 534696                     /home/saurabh/.gradle/wrapper/dists/gradle-4.0-rc-1-all/f2e4agya6jovmpf9txk9t7844/gradle-4.0-rc-1/lib/plugins/gradle-ide-play-4.0.jar
7ff79d905000-7ff79d908000 r--s 00013000 08:06 534697                     /home/saurabh/.gradle/wrapper/dists/gradle-4.0-rc-1-all/f2e4agya6jovmpf9txk9t7844/gradle-4.0-rc-1/lib/plugins/gradle-ide-native-4.0.jar
7ff79d908000-7ff79d911000 r--s 00054000 08:06 534698                     /home/saurabh/.gradle/wrapper/dists/gradle-4.0-rc-1-all/f2e4agya6jovmpf9txk9t7844/gradle-4.0-rc-1/lib/plugins/gradle-ide-4.0.jar
7ff79d911000-7ff79d913000 r--s 00007000 08:06 534701                     /home/saurabh/.gradle/wrapper/dists/gradle-4.0-rc-1-all/f2e4agya6jovmpf9txk9t7844/gradle-4.0-rc-1/lib/plugins/gradle-ear-4.0.jar
7ff79d913000-7ff79d915000 r--s 00005000 08:06 534733                     /home/saurabh/.gradle/wrapper/dists/gradle-4.0-rc-1-all/f2e4agya6jovmpf9txk9t7844/gradle-4.0-rc-1/lib/plugins/jatl-0.2.2.jar
7ff79d915000-7ff79d91c000 r--s 00038000 08:06 534721                     /home/saurabh/.gradle/wrapper/dists/gradle-4.0-rc-1-all/f2e4agya6jovmpf9txk9t7844/gradle-4.0-rc-1/lib/plugins/gradle-diagnostics-4.0.jar
7ff79d91c000-7ff79d91e000 r--s 00009000 08:06 534710                     /home/saurabh/.gradle/wrapper/dists/gradle-4.0-rc-1-all/f2e4agya6jovmpf9txk9t7844/gradle-4.0-rc-1/lib/plugins/gradle-composite-builds-4.0.jar
7ff79d91e000-7ff79d923000 r--s 00024000 08:06 534690                     /home/saurabh/.gradle/wrapper/dists/gradle-4.0-rc-1-all/f2e4agya6jovmpf9txk9t7844/gradle-4.0-rc-1/lib/plugins/gradle-code-quality-4.0.jar
7ff79d923000-7ff79d928000 r--s 00022000 08:06 534706                     /home/saurabh/.gradle/wrapper/dists/gradle-4.0-rc-1-all/f2e4agya6jovmpf9txk9t7844/gradle-4.0-rc-1/lib/plugins/gradle-build-init-4.0.jar
7ff79d928000-7ff79d92e000 r--s 0008e000 08:06 534700                     /home/saurabh/.gradle/wrapper/dists/gradle-4.0-rc-1-all/f2e4agya6jovmpf9txk9t7844/gradle-4.0-rc-1/lib/plugins/gradle-build-comparison-4.0.jar
7ff79d92e000-7ff79d92f000 r--s 00002000 08:06 534728                     /home/saurabh/.gradle/wrapper/dists/gradle-4.0-rc-1-all/f2e4agya6jovmpf9txk9t7844/gradle-4.0-rc-1/lib/plugins/gradle-build-cache-http-4.0.jar
7ff79d92f000-7ff79d931000 r--s 00008000 08:06 534691                     /home/saurabh/.gradle/wrapper/dists/gradle-4.0-rc-1-all/f2e4agya6jovmpf9txk9t7844/gradle-4.0-rc-1/lib/plugins/gradle-antlr-4.0.jar
7ff79d931000-7ff79d933000 r--s 00004000 08:06 534711                     /home/saurabh/.gradle/wrapper/dists/gradle-4.0-rc-1-all/f2e4agya6jovmpf9txk9t7844/gradle-4.0-rc-1/lib/plugins/gradle-announce-4.0.jar
7ff79d933000-7ff79d935000 r--s 00007000 08:06 534632                     /home/saurabh/.gradle/wrapper/dists/gradle-4.0-rc-1-all/f2e4agya6jovmpf9txk9t7844/gradle-4.0-rc-1/lib/gradle-script-kotlin-tooling-builders-0.9.0.jar
7ff79d935000-7ff79d938000 r--s 0001c000 08:06 534749                     /home/saurabh/.gradle/wrapper/dists/gradle-4.0-rc-1-all/f2e4agya6jovmpf9txk9t7844/gradle-4.0-rc-1/lib/plugins/nekohtml-1.9.14.jar
7ff79d938000-7ff79d940000 r--s 00028000 08:06 534790                     /home/saurabh/.gradle/wrapper/dists/gradle-4.0-rc-1-all/f2e4agya6jovmpf9txk9t7844/gradle-4.0-rc-1/lib/plugins/xml-apis-1.3.04.jar
7ff79d940000-7ff79d958000 r--s 00115000 08:06 534750                     /home/saurabh/.gradle/wrapper/dists/gradle-4.0-rc-1-all/f2e4agya6jovmpf9txk9t7844/gradle-4.0-rc-1/lib/plugins/xercesImpl-2.9.1.jar
7ff79d958000-7ff79d95e000 r--s 0005b000 08:06 534748                     /home/saurabh/.gradle/wrapper/dists/gradle-4.0-rc-1-all/f2e4agya6jovmpf9txk9t7844/gradle-4.0-rc-1/lib/plugins/jcifs-1.3.17.jar
7ff79d95e000-7ff79d965000 r--s 00049000 08:06 534789                     /home/saurabh/.gradle/wrapper/dists/gradle-4.0-rc-1-all/f2e4agya6jovmpf9txk9t7844/gradle-4.0-rc-1/lib/plugins/httpcore-4.4.4.jar
7ff79d965000-7ff79d96b000 r--s 00033000 08:06 534741                     /home/saurabh/.gradle/wrapper/dists/gradle-4.0-rc-1-all/f2e4agya6jovmpf9txk9t7844/gradle-4.0-rc-1/lib/plugins/commons-codec-1.6.jar
7ff79d96b000-7ff79d978000 r--s 000a4000 08:06 534734                     /home/saurabh/.gradle/wrapper/dists/gradle-4.0-rc-1-all/f2e4agya6jovmpf9txk9t7844/gradle-4.0-rc-1/lib/plugins/httpclient-4.4.1.jar
7ff79d978000-7ff79d97b000 r--s 0000a000 08:06 534729                     /home/saurabh/.gradle/wrapper/dists/gradle-4.0-rc-1-all/f2e4agya6jovmpf9txk9t7844/gradle-4.0-rc-1/lib/plugins/gradle-resources-http-4.0.jar
7ff79d97b000-7ff79d97f000 r--s 00017000 08:06 534726                     /home/saurabh/.gradle/wrapper/dists/gradle-4.0-rc-1-all/f2e4agya6jovmpf9txk9t7844/gradle-4.0-rc-1/lib/plugins/gradle-plugin-use-4.0.jar
7ff79d97f000-7ff79d980000 r--s 00000000 08:06 534638                     /home/saurabh/.gradle/wrapper/dists/gradle-4.0-rc-1-all/f2e4agya6jovmpf9txk9t7844/gradle-4.0-rc-1/lib/gradle-runtime-api-info-4.0.jar
7ff79d980000-7ff79d981000 r--s 00000000 08:06 534641                     /home/saurabh/.gradle/wrapper/dists/gradle-4.0-rc-1-all/f2e4agya6jovmpf9txk9t7844/gradle-4.0-rc-1/lib/gradle-installation-beacon-4.0.jar
7ff79d981000-7ff79d9c1000 r--s 00277000 08:06 534761                     /home/saurabh/.gradle/wrapper/dists/gradle-4.0-rc-1-all/f2e4agya6jovmpf9txk9t7844/gradle-4.0-rc-1/lib/plugins/bcprov-jdk15on-1.51.jar
7ff79d9c1000-7ff79d9c5000 r--s 0001d000 08:06 534760                     /home/saurabh/.gradle/wrapper/dists/gradle-4.0-rc-1-all/f2e4agya6jovmpf9txk9t7844/gradle-4.0-rc-1/lib/plugins/xbean-reflect-3.4.jar
7ff79d9c5000-7ff79d9c7000 r--s 0000a000 08:06 534762                     /home/saurabh/.gradle/wrapper/dists/gradle-4.0-rc-1-all/f2e4agya6jovmpf9txk9t7844/gradle-4.0-rc-1/lib/plugins/maven-settings-3.0.4.jar
7ff79d9c7000-7ff79d9ca000 r--s 00008000 08:06 534763                     /home/saurabh/.gradle/wrapper/dists/gradle-4.0-rc-1-all/f2e4agya6jovmpf9txk9t7844/gradle-4.0-rc-1/lib/plugins/maven-settings-builder-3.0.4.jar
7ff79d9ca000-7ff79d9ce000 r--s 00033000 08:06 534764                     /home/saurabh/.gradle/wrapper/dists/gradle-4.0-rc-1-all/f2e4agya6jovmpf9txk9t7844/gradle-4.0-rc-1/lib/plugins/plexus-utils-2.0.6.jar
7ff79d9ce000-7ff79d9d0000 r--s 0000d000 08:06 534765                     /home/saurabh/.gradle/wrapper/dists/gradle-4.0-rc-1-all/f2e4agya6jovmpf9txk9t7844/gradle-4.0-rc-1/lib/plugins/plexus-interpolation-1.14.jar
7ff79d9d0000-7ff79d9d2000 r--s 00000000 08:06 534740                     /home/saurabh/.gradle/wrapper/dists/gradle-4.0-rc-1-all/f2e4agya6jovmpf9txk9t7844/gradle-4.0-rc-1/lib/plugins/plexus-component-annotations-1.5.5.jar
7ff79d9d2000-7ff79d9d9000 r--s 0002e000 08:06 534766                     /home/saurabh/.gradle/wrapper/dists/gradle-4.0-rc-1-all/f2e4agya6jovmpf9txk9t7844/gradle-4.0-rc-1/lib/plugins/plexus-container-default-1.5.5.jar
7ff79d9d9000-7ff79d9db000 r--s 0000a000 08:06 534767                     /home/saurabh/.gradle/wrapper/dists/gradle-4.0-rc-1-all/f2e4agya6jovmpf9txk9t7844/gradle-4.0-rc-1/lib/plugins/plexus-classworlds-2.4.jar
7ff79d9db000-7ff79d9dd000 r--s 00002000 08:06 534768                     /home/saurabh/.gradle/wrapper/dists/gradle-4.0-rc-1-all/f2e4agya6jovmpf9txk9t7844/gradle-4.0-rc-1/lib/plugins/plexus-cipher-1.7.jar
7ff79d9dd000-7ff79d9de000 r--s 00006000 08:06 534769                     /home/saurabh/.gradle/wrapper/dists/gradle-4.0-rc-1-all/f2e4agya6jovmpf9txk9t7844/gradle-4.0-rc-1/lib/plugins/plexus-sec-dispatcher-1.3.jar
7ff79d9de000-7ff79d9e4000 r--s 0003f000 08:06 534770                     /home/saurabh/.gradle/wrapper/dists/gradle-4.0-rc-1-all/f2e4agya6jovmpf9txk9t7844/gradle-4.0-rc-1/lib/plugins/maven-compat-3.0.4.jar
7ff79d9e4000-7ff79d9e8000 r--s 00021000 08:06 534771                     /home/saurabh/.gradle/wrapper/dists/gradle-4.0-rc-1-all/f2e4agya6jovmpf9txk9t7844/gradle-4.0-rc-1/lib/plugins/maven-model-builder-3.0.4.jar
7ff79d9e8000-7ff79d9ea000 r--s 00026000 08:06 534772                     /home/saurabh/.gradle/wrapper/dists/gradle-4.0-rc-1-all/f2e4agya6jovmpf9txk9t7844/gradle-4.0-rc-1/lib/plugins/maven-model-3.0.4.jar
7ff79d9ea000-7ff79d9ec000 r--s 0000b000 08:06 534773                     /home/saurabh/.gradle/wrapper/dists/gradle-4.0-rc-1-all/f2e4agya6jovmpf9txk9t7844/gradle-4.0-rc-1/lib/plugins/maven-artifact-3.0.4.jar
7ff79d9ec000-7ff79d9ee000 r--s 00006000 08:06 534774                     /home/saurabh/.gradle/wrapper/dists/gradle-4.0-rc-1-all/f2e4agya6jovmpf9txk9t7844/gradle-4.0-rc-1/lib/plugins/maven-repository-metadata-3.0.4.jar
7ff79d9ee000-7ff79d9f0000 r--s 0000b000 08:06 534775                     /home/saurabh/.gradle/wrapper/dists/gradle-4.0-rc-1-all/f2e4agya6jovmpf9txk9t7844/gradle-4.0-rc-1/lib/plugins/maven-plugin-api-3.0.4.jar
7ff79d9f0000-7ff79d9f2000 r--s 0000c000 08:06 534776                     /home/saurabh/.gradle/wrapper/dists/gradle-4.0-rc-1-all/f2e4agya6jovmpf9txk9t7844/gradle-4.0-rc-1/lib/plugins/maven-aether-provider-3.0.4.jar
7ff79d9f2000-7ff79d9f3000 r--s 00002000 08:06 534777                     /home/saurabh/.gradle/wrapper/dists/gradle-4.0-rc-1-all/f2e4agya6jovmpf9txk9t7844/gradle-4.0-rc-1/lib/plugins/wagon-file-2.4.jar
7ff79d9f3000-7ff79d9f5000 r--s 0000b000 08:06 534779                     /home/saurabh/.gradle/wrapper/dists/gradle-4.0-rc-1-all/f2e4agya6jovmpf9txk9t7844/gradle-4.0-rc-1/lib/plugins/wagon-provider-api-2.4.jar
7ff79d9f5000-7ff79d9f8000 r--s 00013000 08:06 534781                     /home/saurabh/.gradle/wrapper/dists/gradle-4.0-rc-1-all/f2e4agya6jovmpf9txk9t7844/gradle-4.0-rc-1/lib/plugins/aether-api-1.13.1.jar
7ff79d9f8000-7ff79d9fb000 r--s 0001d000 08:06 534782                     /home/saurabh/.gradle/wrapper/dists/gradle-4.0-rc-1-all/f2e4agya6jovmpf9txk9t7844/gradle-4.0-rc-1/lib/plugins/aether-impl-1.13.1.jar
7ff79d9fb000-7ff79d9ff000 r--s 0001c000 08:06 534784                     /home/saurabh/.gradle/wrapper/dists/gradle-4.0-rc-1-all/f2e4agya6jovmpf9txk9t7844/gradle-4.0-rc-1/lib/plugins/aether-util-1.13.1.jar
7ff79d9ff000-7ff79da0b000 r--s 0007d000 08:06 534737                     /home/saurabh/.gradle/wrapper/dists/gradle-4.0-rc-1-all/f2e4agya6jovmpf9txk9t7844/gradle-4.0-rc-1/lib/plugins/maven-core-3.0.4.jar
7ff79da0b000-7ff79da2e000 r--s 0011a000 08:06 534732                     /home/saurabh/.gradle/wrapper/dists/gradle-4.0-rc-1-all/f2e4agya6jovmpf9txk9t7844/gradle-4.0-rc-1/lib/plugins/gradle-dependency-management-4.0.jar
7ff79da2e000-7ff79da44000 r-xp 00000000 08:06 790207                     /lib/x86_64-linux-gnu/libgcc_s.so.1
7ff79da44000-7ff79dc43000 ---p 00016000 08:06 790207                     /lib/x86_64-linux-gnu/libgcc_s.so.1
7ff79dc43000-7ff79dc44000 r--p 00015000 08:06 790207                     /lib/x86_64-linux-gnu/libgcc_s.so.1
7ff79dc44000-7ff79dc45000 rw-p 00016000 08:06 790207                     /lib/x86_64-linux-gnu/libgcc_s.so.1
7ff79dc45000-7ff79ddbe000 r-xp 00000000 08:06 1187238                    /usr/lib/x86_64-linux-gnu/libstdc++.so.6.0.22
7ff79ddbe000-7ff79dfbd000 ---p 00179000 08:06 1187238                    /usr/lib/x86_64-linux-gnu/libstdc++.so.6.0.22
7ff79dfbd000-7ff79dfc7000 r--p 00178000 08:06 1187238                    /usr/lib/x86_64-linux-gnu/libstdc++.so.6.0.22
7ff79dfc7000-7ff79dfc9000 rw-p 00182000 08:06 1187238                    /usr/lib/x86_64-linux-gnu/libstdc++.so.6.0.22
7ff79dfc9000-7ff79dfcd000 rw-p 00000000 00:00 0 
7ff79dfcd000-7ff79dfce000 r--s 00002000 08:06 534778                     /home/saurabh/.gradle/wrapper/dists/gradle-4.0-rc-1-all/f2e4agya6jovmpf9txk9t7844/gradle-4.0-rc-1/lib/plugins/wagon-http-2.4.jar
7ff79dfce000-7ff79dfcf000 r--s 00007000 08:06 534780                     /home/saurabh/.gradle/wrapper/dists/gradle-4.0-rc-1-all/f2e4agya6jovmpf9txk9t7844/gradle-4.0-rc-1/lib/plugins/wagon-http-shared4-2.4.jar
7ff79dfcf000-7ff79dfd0000 r--s 00003000 08:06 534783                     /home/saurabh/.gradle/wrapper/dists/gradle-4.0-rc-1-all/f2e4agya6jovmpf9txk9t7844/gradle-4.0-rc-1/lib/plugins/aether-spi-1.13.1.jar
7ff79dfd0000-7ff79dfd2000 r--s 00006000 08:06 534785                     /home/saurabh/.gradle/wrapper/dists/gradle-4.0-rc-1-all/f2e4agya6jovmpf9txk9t7844/gradle-4.0-rc-1/lib/plugins/aether-connector-wagon-1.13.1.jar
7ff79dfd2000-7ff79dfd7000 r--s 00034000 08:06 534744                     /home/saurabh/.gradle/wrapper/dists/gradle-4.0-rc-1-all/f2e4agya6jovmpf9txk9t7844/gradle-4.0-rc-1/lib/plugins/gson-2.7.jar
7ff79dfd7000-7ff79dfdc000 r--s 00040000 08:06 534752                     /home/saurabh/.gradle/wrapper/dists/gradle-4.0-rc-1-all/f2e4agya6jovmpf9txk9t7844/gradle-4.0-rc-1/lib/plugins/jsch-0.1.54.jar
7ff79dfdc000-7ff79dfeb000 r--s 000d9000 08:06 534751                     /home/saurabh/.gradle/wrapper/dists/gradle-4.0-rc-1-all/f2e4agya6jovmpf9txk9t7844/gradle-4.0-rc-1/lib/plugins/ivy-2.2.0.jar
7ff79dfeb000-7ff79dfed000 r--s 0000b000 08:06 534731                     /home/saurabh/.gradle/wrapper/dists/gradle-4.0-rc-1-all/f2e4agya6jovmpf9txk9t7844/gradle-4.0-rc-1/lib/plugins/gradle-workers-4.0.jar
7ff79dfed000-7ff79dff2000 r-xp 00000000 08:06 270419                     /home/saurabh/.gradle/native/25/linux-amd64/libnative-platform.so
7ff79dff2000-7ff79e1f1000 ---p 00005000 08:06 270419                     /home/saurabh/.gradle/native/25/linux-amd64/libnative-platform.so
7ff79e1f1000-7ff79e1f2000 rw-p 00004000 08:06 270419                     /home/saurabh/.gradle/native/25/linux-amd64/libnative-platform.so
7ff79e1f2000-7ff79e203000 r-xp 00000000 08:05 29967                      /media/saurabh/Local Disk(E)/android-studio/jre/jre/lib/amd64/libnio.so
7ff79e203000-7ff79e402000 ---p 00011000 08:05 29967                      /media/saurabh/Local Disk(E)/android-studio/jre/jre/lib/amd64/libnio.so
7ff79e402000-7ff79e403000 r--p 00010000 08:05 29967                      /media/saurabh/Local Disk(E)/android-studio/jre/jre/lib/amd64/libnio.so
7ff79e403000-7ff79e404000 rw-p 00011000 08:05 29967                      /media/saurabh/Local Disk(E)/android-studio/jre/jre/lib/amd64/libnio.so
7ff79e404000-7ff79e41b000 r-xp 00000000 08:05 29965                      /media/saurabh/Local Disk(E)/android-studio/jre/jre/lib/amd64/libnet.so
7ff79e41b000-7ff79e61a000 ---p 00017000 08:05 29965                      /media/saurabh/Local Disk(E)/android-studio/jre/jre/lib/amd64/libnet.so
7ff79e61a000-7ff79e61b000 r--p 00016000 08:05 29965                      /media/saurabh/Local Disk(E)/android-studio/jre/jre/lib/amd64/libnet.so
7ff79e61b000-7ff79e61c000 rw-p 00017000 08:05 29965                      /media/saurabh/Local Disk(E)/android-studio/jre/jre/lib/amd64/libnet.so
7ff79e61c000-7ff79e61d000 r--s 00006000 08:06 534640                     /home/saurabh/.gradle/wrapper/dists/gradle-4.0-rc-1-all/f2e4agya6jovmpf9txk9t7844/gradle-4.0-rc-1/lib/gradle-wrapper-4.0.jar
7ff79e61d000-7ff79e62a000 r--s 00043000 08:06 534639                     /home/saurabh/.gradle/wrapper/dists/gradle-4.0-rc-1-all/f2e4agya6jovmpf9txk9t7844/gradle-4.0-rc-1/lib/gradle-tooling-api-4.0.jar
7ff79e62a000-7ff79e638000 r--s 000cb000 08:06 534636                     /home/saurabh/.gradle/wrapper/dists/gradle-4.0-rc-1-all/f2e4agya6jovmpf9txk9t7844/gradle-4.0-rc-1/lib/kotlin-stdlib-1.1.0.jar
7ff79e638000-7ff79e66f000 r--s 00284000 08:06 534635                     /home/saurabh/.gradle/wrapper/dists/gradle-4.0-rc-1-all/f2e4agya6jovmpf9txk9t7844/gradle-4.0-rc-1/lib/kotlin-reflect-1.1.0.jar
7ff79e66f000-7ff79e834000 r--s 017fb000 08:06 534634                     /home/saurabh/.gradle/wrapper/dists/gradle-4.0-rc-1-all/f2e4agya6jovmpf9txk9t7844/gradle-4.0-rc-1/lib/kotlin-compiler-embeddable-1.1.0.jar
7ff79e834000-7ff79e836000 r--s 00000000 08:06 534633                     /home/saurabh/.gradle/wrapper/dists/gradle-4.0-rc-1-all/f2e4agya6jovmpf9txk9t7844/gradle-4.0-rc-1/lib/gradle-script-kotlin-tooling-models-0.9.0.jar
7ff79e836000-7ff79e838000 r--s 00001000 08:06 534631                     /home/saurabh/.gradle/wrapper/dists/gradle-4.0-rc-1-all/f2e4agya6jovmpf9txk9t7844/gradle-4.0-rc-1/lib/gradle-script-kotlin-compiler-plugin-0.9.0.jar
7ff79e838000-7ff79e83a000 r--s 00003000 08:06 534629                     /home/saurabh/.gradle/wrapper/dists/gradle-4.0-rc-1-all/f2e4agya6jovmpf9txk9t7844/gradle-4.0-rc-1/lib/annotations-13.0.jar
7ff79e83a000-7ff79e843000 r--s 00066000 08:06 534630                     /home/saurabh/.gradle/wrapper/dists/gradle-4.0-rc-1-all/f2e4agya6jovmpf9txk9t7844/gradle-4.0-rc-1/lib/gradle-script-kotlin-0.9.0.jar
7ff79e843000-7ff79e847000 r--s 00013000 08:06 534646                     /home/saurabh/.gradle/wrapper/dists/gradle-4.0-rc-1-all/f2e4agya6jovmpf9txk9t7844/gradle-4.0-rc-1/lib/gradle-resources-4.0.jar
7ff79e847000-7ff79e849000 r--s 00005000 08:06 534653                     /home/saurabh/.gradle/wrapper/dists/gradle-4.0-rc-1-all/f2e4agya6jovmpf9txk9t7844/gradle-4.0-rc-1/lib/gradle-cli-4.0.jar
7ff79e849000-7ff79e84b000 r--s 00003000 08:06 534657                     /home/saurabh/.gradle/wrapper/dists/gradle-4.0-rc-1-all/f2e4agya6jovmpf9txk9t7844/gradle-4.0-rc-1/lib/jcl-over-slf4j-1.7.10.jar
7ff79e84b000-7ff79e84c000 r--s 00005000 08:06 534656                     /home/saurabh/.gradle/wrapper/dists/gradle-4.0-rc-1-all/f2e4agya6jovmpf9txk9t7844/gradle-4.0-rc-1/lib/log4j-over-slf4j-1.7.10.jar
7ff79e84c000-7ff79e84e000 r--s 00000000 08:06 534655                     /home/saurabh/.gradle/wrapper/dists/gradle-4.0-rc-1-all/f2e4agya6jovmpf9txk9t7844/gradle-4.0-rc-1/lib/jul-to-slf4j-1.7.10.jar
7ff79e84e000-7ff79e855000 r--s 0002c000 08:06 534644                     /home/saurabh/.gradle/wrapper/dists/gradle-4.0-rc-1-all/f2e4agya6jovmpf9txk9t7844/gradle-4.0-rc-1/lib/gradle-logging-4.0.jar
7ff79e855000-7ff79e864000 r--s 00083000 08:06 534649                     /home/saurabh/.gradle/wrapper/dists/gradle-4.0-rc-1-all/f2e4agya6jovmpf9txk9t7844/gradle-4.0-rc-1/lib/gradle-model-core-4.0.jar
7ff79e864000-7ff79e866000 r--s 00006000 08:06 534650                     /home/saurabh/.gradle/wrapper/dists/gradle-4.0-rc-1-all/f2e4agya6jovmpf9txk9t7844/gradle-4.0-rc-1/lib/gradle-base-services-groovy-4.0.jar
7ff79e866000-7ff79e868000 r--s 00007000 08:06 534648                     /home/saurabh/.gradle/wrapper/dists/gradle-4.0-rc-1-all/f2e4agya6jovmpf9txk9t7844/gradle-4.0-rc-1/lib/gradle-model-groovy-4.0.jar
7ff79e868000-7ff79e869000 r--s 00002000 08:06 534670                     /home/saurabh/.gradle/wrapper/dists/gradle-4.0-rc-1-all/f2e4agya6jovmpf9txk9t7844/gradle-4.0-rc-1/lib/gradle-docs-4.0.jar
7ff79e869000-7ff79e876000 r--s 00083000 08:06 534668                     /home/saurabh/.gradle/wrapper/dists/gradle-4.0-rc-1-all/f2e4agya6jovmpf9txk9t7844/gradle-4.0-rc-1/lib/commons-collections-3.2.2.jar
7ff79e876000-7ff79e877000 r--s 00000000 08:06 534667                     /home/saurabh/.gradle/wrapper/dists/gradle-4.0-rc-1-all/f2e4agya6jovmpf9txk9t7844/gradle-4.0-rc-1/lib/javax.inject-1.jar
7ff79e877000-7ff79e8e7000 r--s 00645000 08:06 534662                     /home/saurabh/.gradle/wrapper/dists/gradle-4.0-rc-1-all/f2e4agya6jovmpf9txk9t7844/gradle-4.0-rc-1/lib/groovy-all-2.4.11.jar
7ff79e8e7000-7ff79e8ea000 r--s 00023000 08:06 534671                     /home/saurabh/.gradle/wrapper/dists/gradle-4.0-rc-1-all/f2e4agya6jovmpf9txk9t7844/gradle-4.0-rc-1/lib/jansi-1.14.jar
7ff79e8ea000-7ff79e8eb000 r--s 00004000 08:06 534673                     /home/saurabh/.gradle/wrapper/dists/gradle-4.0-rc-1-all/f2e4agya6jovmpf9txk9t7844/gradle-4.0-rc-1/lib/native-platform-freebsd-amd64-libcpp-0.14.jar
7ff79e8eb000-7ff79e8ec000 r--s 00004000 08:06 534674                     /home/saurabh/.gradle/wrapper/dists/gradle-4.0-rc-1-all/f2e4agya6jovmpf9txk9t7844/gradle-4.0-rc-1/lib/native-platform-freebsd-amd64-libstdcpp-0.14.jar
7ff79e8ec000-7ff79e8ed000 r--s 00004000 08:06 534675                     /home/saurabh/.gradle/wrapper/dists/gradle-4.0-rc-1-all/f2e4agya6jovmpf9txk9t7844/gradle-4.0-rc-1/lib/native-platform-freebsd-i386-libcpp-0.14.jar
7ff79e8ed000-7ff79e8ee000 r--s 00003000 08:06 534676                     /home/saurabh/.gradle/wrapper/dists/gradle-4.0-rc-1-all/f2e4agya6jovmpf9txk9t7844/gradle-4.0-rc-1/lib/native-platform-freebsd-i386-libstdcpp-0.14.jar
7ff79e8ee000-7ff79e8ef000 r--s 00002000 08:06 534677                     /home/saurabh/.gradle/wrapper/dists/gradle-4.0-rc-1-all/f2e4agya6jovmpf9txk9t7844/gradle-4.0-rc-1/lib/native-platform-linux-amd64-0.14.jar
7ff79e8ef000-7ff79e8f0000 r--s 00002000 08:06 534678                     /home/saurabh/.gradle/wrapper/dists/gradle-4.0-rc-1-all/f2e4agya6jovmpf9txk9t7844/gradle-4.0-rc-1/lib/native-platform-linux-i386-0.14.jar
7ff79e8f0000-7ff79e8f2000 r--s 00002000 08:06 534679                     /home/saurabh/.gradle/wrapper/dists/gradle-4.0-rc-1-all/f2e4agya6jovmpf9txk9t7844/gradle-4.0-rc-1/lib/native-platform-osx-amd64-0.14.jar
7ff79e8f2000-7ff79e8f3000 r--s 00003000 08:06 534680                     /home/saurabh/.gradle/wrapper/dists/gradle-4.0-rc-1-all/f2e4agya6jovmpf9txk9t7844/gradle-4.0-rc-1/lib/native-platform-osx-i386-0.14.jar
7ff79e8f3000-7ff79e8f5000 r--s 0000b000 08:06 534681                     /home/saurabh/.gradle/wrapper/dists/gradle-4.0-rc-1-all/f2e4agya6jovmpf9txk9t7844/gradle-4.0-rc-1/lib/native-platform-windows-amd64-0.14.jar
7ff79e8f5000-7ff79e8f6000 r--s 0000b000 08:06 534682                     /home/saurabh/.gradle/wrapper/dists/gradle-4.0-rc-1-all/f2e4agya6jovmpf9txk9t7844/gradle-4.0-rc-1/lib/native-platform-windows-i386-0.14.jar
7ff79e8f6000-7ff79e8f7000 r--s 00001000 08:06 534683                     /home/saurabh/.gradle/wrapper/dists/gradle-4.0-rc-1-all/f2e4agya6jovmpf9txk9t7844/gradle-4.0-rc-1/lib/native-platform-linux-amd64-ncurses5-0.14.jar
7ff79e8f7000-7ff79e8f8000 r--s 00001000 08:06 534684                     /home/saurabh/.gradle/wrapper/dists/gradle-4.0-rc-1-all/f2e4agya6jovmpf9txk9t7844/gradle-4.0-rc-1/lib/native-platform-linux-amd64-ncurses6-0.14.jar
7ff79e8f8000-7ff79e8f9000 r--s 00001000 08:06 534685                     /home/saurabh/.gradle/wrapper/dists/gradle-4.0-rc-1-all/f2e4agya6jovmpf9txk9t7844/gradle-4.0-rc-1/lib/native-platform-linux-i386-ncurses5-0.14.jar
7ff79e8f9000-7ff79e8fd000 r--s 00012000 08:06 534669                     /home/saurabh/.gradle/wrapper/dists/gradle-4.0-rc-1-all/f2e4agya6jovmpf9txk9t7844/gradle-4.0-rc-1/lib/native-platform-0.14.jar
7ff79e8fd000-7ff79e900000 r--s 0000c000 08:06 534647                     /home/saurabh/.gradle/wrapper/dists/gradle-4.0-rc-1-all/f2e4agya6jovmpf9txk9t7844/gradle-4.0-rc-1/lib/gradle-native-4.0.jar
7ff79e900000-7ff79e905000 r--s 00038000 08:06 534665                     /home/saurabh/.gradle/wrapper/dists/gradle-4.0-rc-1-all/f2e4agya6jovmpf9txk9t7844/gradle-4.0-rc-1/lib/asm-all-5.1.jar
7ff79e905000-7ff79e907000 r--s 0000f000 08:06 534664                     /home/saurabh/.gradle/wrapper/dists/gradle-4.0-rc-1-all/f2e4agya6jovmpf9txk9t7844/gradle-4.0-rc-1/lib/reflectasm-1.07-shaded.jar
7ff79e907000-7ff79e909000 r--s 00000000 08:06 534687                     /home/saurabh/.gradle/wrapper/dists/gradle-4.0-rc-1-all/f2e4agya6jovmpf9txk9t7844/gradle-4.0-rc-1/lib/minlog-1.2.jar
7ff79e909000-7ff79e90b000 r--s 00007000 08:06 534688                     /home/saurabh/.gradle/wrapper/dists/gradle-4.0-rc-1-all/f2e4agya6jovmpf9txk9t7844/gradle-4.0-rc-1/lib/objenesis-1.2.jar
7ff79e90b000-7ff79e90f000 r--s 00026000 08:06 534663                     /home/saurabh/.gradle/wrapper/dists/gradle-4.0-rc-1-all/f2e4agya6jovmpf9txk9t7844/gradle-4.0-rc-1/lib/kryo-2.20.jar
7ff79e90f000-7ff79e915000 r--s 0002b000 08:06 534651                     /home/saurabh/.gradle/wrapper/dists/gradle-4.0-rc-1-all/f2e4agya6jovmpf9txk9t7844/gradle-4.0-rc-1/lib/gradle-messaging-4.0.jar
7ff79e915000-7ff79e917000 r--s 00006000 08:06 534645                     /home/saurabh/.gradle/wrapper/dists/gradle-4.0-rc-1-all/f2e4agya6jovmpf9txk9t7844/gradle-4.0-rc-1/lib/gradle-process-services-4.0.jar
7ff79e917000-7ff79e91c000 r--s 00041000 08:06 534660                     /home/saurabh/.gradle/wrapper/dists/gradle-4.0-rc-1-all/f2e4agya6jovmpf9txk9t7844/gradle-4.0-rc-1/lib/commons-lang-2.6.jar
7ff79e91c000-7ff79e944000 r--s 001cf000 08:06 534659                     /home/saurabh/.gradle/wrapper/dists/gradle-4.0-rc-1-all/f2e4agya6jovmpf9txk9t7844/gradle-4.0-rc-1/lib/guava-jdk5-17.0.jar
7ff79e944000-7ff79e963000 r--s 001d1000 08:06 534666                     /home/saurabh/.gradle/wrapper/dists/gradle-4.0-rc-1-all/f2e4agya6jovmpf9txk9t7844/gradle-4.0-rc-1/lib/ant-1.9.6.jar
7ff79e963000-7ff79e96e000 r--s 00052000 08:06 534652                     /home/saurabh/.gradle/wrapper/dists/gradle-4.0-rc-1-all/f2e4agya6jovmpf9txk9t7844/gradle-4.0-rc-1/lib/gradle-base-services-4.0.jar
7ff79e96e000-7ff79e9b5000 r--s 0023d000 08:06 534642                     /home/saurabh/.gradle/wrapper/dists/gradle-4.0-rc-1-all/f2e4agya6jovmpf9txk9t7844/gradle-4.0-rc-1/lib/gradle-core-4.0.jar
7ff79e9b5000-7ff79e9b6000 ---p 00000000 00:00 0 
7ff79e9b6000-7ff79eab6000 rw-p 00000000 00:00 0 
7ff79eab6000-7ff79eab9000 ---p 00000000 00:00 0 
7ff79eab9000-7ff79ebb7000 rw-p 00000000 00:00 0 
7ff79ebb7000-7ff79ebba000 ---p 00000000 00:00 0 
7ff79ebba000-7ff79ecb8000 rw-p 00000000 00:00 0 
7ff79ecb8000-7ff79ecbb000 ---p 00000000 00:00 0 
7ff79ecbb000-7ff79edb9000 rw-p 00000000 00:00 0 
7ff79edb9000-7ff79edbc000 ---p 00000000 00:00 0 
7ff79edbc000-7ff79eeba000 rw-p 00000000 00:00 0 
7ff79eeba000-7ff79f195000 r--p 00000000 08:06 1185710                    /usr/lib/locale/locale-archive
7ff79f195000-7ff79f198000 ---p 00000000 00:00 0 
7ff79f198000-7ff79f296000 rw-p 00000000 00:00 0 
7ff79f296000-7ff79f299000 ---p 00000000 00:00 0 
7ff79f299000-7ff79f397000 rw-p 00000000 00:00 0 
7ff79f397000-7ff79f398000 ---p 00000000 00:00 0 
7ff79f398000-7ff79fe31000 rw-p 00000000 00:00 0 
7ff79fe31000-7ff7a0000000 r--s 03c1b000 08:05 29935                      /media/saurabh/Local Disk(E)/android-studio/jre/jre/lib/rt.jar
7ff7a0000000-7ff7a0044000 rw-p 00000000 00:00 0 
7ff7a0044000-7ff7a4000000 ---p 00000000 00:00 0 
7ff7a4000000-7ff7a43be000 rw-p 00000000 00:00 0 
7ff7a43be000-7ff7a8000000 ---p 00000000 00:00 0 
7ff7a8000000-7ff7a9000000 rw-p 00000000 00:00 0 
7ff7a9000000-7ff7aa450000 rwxp 00000000 00:00 0 
7ff7aa450000-7ff7b8000000 ---p 00000000 00:00 0 
7ff7b8000000-7ff7b8c77000 rw-p 00000000 00:00 0 
7ff7b8c77000-7ff7bc000000 ---p 00000000 00:00 0 
7ff7bc000000-7ff7bc001000 r--s 00001000 08:06 534686                     /home/saurabh/.gradle/wrapper/dists/gradle-4.0-rc-1-all/f2e4agya6jovmpf9txk9t7844/gradle-4.0-rc-1/lib/native-platform-linux-i386-ncurses6-0.14.jar
7ff7bc001000-7ff7bc003000 r--s 00000000 08:06 534643                     /home/saurabh/.gradle/wrapper/dists/gradle-4.0-rc-1-all/f2e4agya6jovmpf9txk9t7844/gradle-4.0-rc-1/lib/gradle-jvm-services-4.0.jar
7ff7bc003000-7ff7bc004000 r--s 00000000 08:06 534661                     /home/saurabh/.gradle/wrapper/dists/gradle-4.0-rc-1-all/f2e4agya6jovmpf9txk9t7844/gradle-4.0-rc-1/lib/jcip-annotations-1.0.jar
7ff7bc004000-7ff7bc9f6000 rw-p 00000000 00:00 0 
7ff7bc9f6000-7ff7bc9f7000 ---p 00000000 00:00 0 
7ff7bc9f7000-7ff7bcaf7000 rw-p 00000000 00:00 0 
7ff7bcaf7000-7ff7bcaf8000 ---p 00000000 00:00 0 
7ff7bcaf8000-7ff7bcc17000 rw-p 00000000 00:00 0 
7ff7bcc17000-7ff7bcca2000 ---p 00000000 00:00 0 
7ff7bcca2000-7ff7bccf8000 rw-p 00000000 00:00 0 
7ff7bccf8000-7ff7bcd4b000 rw-p 00000000 00:00 0 
7ff7bcd4b000-7ff7bd0b9000 ---p 00000000 00:00 0 
7ff7bd0b9000-7ff7bd0d3000 r-xp 00000000 08:05 29962                      /media/saurabh/Local Disk(E)/android-studio/jre/jre/lib/amd64/libzip.so
7ff7bd0d3000-7ff7bd2d3000 ---p 0001a000 08:05 29962                      /media/saurabh/Local Disk(E)/android-studio/jre/jre/lib/amd64/libzip.so
7ff7bd2d3000-7ff7bd2d4000 r--p 0001a000 08:05 29962                      /media/saurabh/Local Disk(E)/android-studio/jre/jre/lib/amd64/libzip.so
7ff7bd2d4000-7ff7bd2d5000 rw-p 0001b000 08:05 29962                      /media/saurabh/Local Disk(E)/android-studio/jre/jre/lib/amd64/libzip.so
7ff7bd2d5000-7ff7bd2e0000 r-xp 00000000 08:06 784989                     /lib/x86_64-linux-gnu/libnss_files-2.24.so
7ff7bd2e0000-7ff7bd4df000 ---p 0000b000 08:06 784989                     /lib/x86_64-linux-gnu/libnss_files-2.24.so
7ff7bd4df000-7ff7bd4e0000 r--p 0000a000 08:06 784989                     /lib/x86_64-linux-gnu/libnss_files-2.24.so
7ff7bd4e0000-7ff7bd4e1000 rw-p 0000b000 08:06 784989                     /lib/x86_64-linux-gnu/libnss_files-2.24.so
7ff7bd4e1000-7ff7bd4e7000 rw-p 00000000 00:00 0 
7ff7bd4e7000-7ff7bd4f2000 r-xp 00000000 08:06 784991                     /lib/x86_64-linux-gnu/libnss_nis-2.24.so
7ff7bd4f2000-7ff7bd6f1000 ---p 0000b000 08:06 784991                     /lib/x86_64-linux-gnu/libnss_nis-2.24.so
7ff7bd6f1000-7ff7bd6f2000 r--p 0000a000 08:06 784991                     /lib/x86_64-linux-gnu/libnss_nis-2.24.so
7ff7bd6f2000-7ff7bd6f3000 rw-p 0000b000 08:06 784991                     /lib/x86_64-linux-gnu/libnss_nis-2.24.so
7ff7bd6f3000-7ff7bd709000 r-xp 00000000 08:06 784986                     /lib/x86_64-linux-gnu/libnsl-2.24.so
7ff7bd709000-7ff7bd908000 ---p 00016000 08:06 784986                     /lib/x86_64-linux-gnu/libnsl-2.24.so
7ff7bd908000-7ff7bd909000 r--p 00015000 08:06 784986                     /lib/x86_64-linux-gnu/libnsl-2.24.so
7ff7bd909000-7ff7bd90a000 rw-p 00016000 08:06 784986                     /lib/x86_64-linux-gnu/libnsl-2.24.so
7ff7bd90a000-7ff7bd90c000 rw-p 00000000 00:00 0 
7ff7bd90c000-7ff7bd914000 r-xp 00000000 08:06 784987                     /lib/x86_64-linux-gnu/libnss_compat-2.24.so
7ff7bd914000-7ff7bdb13000 ---p 00008000 08:06 784987                     /lib/x86_64-linux-gnu/libnss_compat-2.24.so
7ff7bdb13000-7ff7bdb14000 r--p 00007000 08:06 784987                     /lib/x86_64-linux-gnu/libnss_compat-2.24.so
7ff7bdb14000-7ff7bdb15000 rw-p 00008000 08:06 784987                     /lib/x86_64-linux-gnu/libnss_compat-2.24.so
7ff7bdb15000-7ff7bdb42000 r-xp 00000000 08:05 29972                      /media/saurabh/Local Disk(E)/android-studio/jre/jre/lib/amd64/libjava.so
7ff7bdb42000-7ff7bdd41000 ---p 0002d000 08:05 29972                      /media/saurabh/Local Disk(E)/android-studio/jre/jre/lib/amd64/libjava.so
7ff7bdd41000-7ff7bdd42000 r--p 0002c000 08:05 29972                      /media/saurabh/Local Disk(E)/android-studio/jre/jre/lib/amd64/libjava.so
7ff7bdd42000-7ff7bdd44000 rw-p 0002d000 08:05 29972                      /media/saurabh/Local Disk(E)/android-studio/jre/jre/lib/amd64/libjava.so
7ff7bdd44000-7ff7bdd54000 r-xp 00000000 08:05 29988                      /media/saurabh/Local Disk(E)/android-studio/jre/jre/lib/amd64/libverify.so
7ff7bdd54000-7ff7bdf53000 ---p 00010000 08:05 29988                      /media/saurabh/Local Disk(E)/android-studio/jre/jre/lib/amd64/libverify.so
7ff7bdf53000-7ff7bdf55000 r--p 0000f000 08:05 29988                      /media/saurabh/Local Disk(E)/android-studio/jre/jre/lib/amd64/libverify.so
7ff7bdf55000-7ff7bdf56000 rw-p 00011000 08:05 29988                      /media/saurabh/Local Disk(E)/android-studio/jre/jre/lib/amd64/libverify.so
7ff7bdf56000-7ff7bdf5d000 r-xp 00000000 08:06 789845                     /lib/x86_64-linux-gnu/librt-2.24.so
7ff7bdf5d000-7ff7be15c000 ---p 00007000 08:06 789845                     /lib/x86_64-linux-gnu/librt-2.24.so
7ff7be15c000-7ff7be15d000 r--p 00006000 08:06 789845                     /lib/x86_64-linux-gnu/librt-2.24.so
7ff7be15d000-7ff7be15e000 rw-p 00007000 08:06 789845                     /lib/x86_64-linux-gnu/librt-2.24.so
7ff7be15e000-7ff7be266000 r-xp 00000000 08:06 784983                     /lib/x86_64-linux-gnu/libm-2.24.so
7ff7be266000-7ff7be465000 ---p 00108000 08:06 784983                     /lib/x86_64-linux-gnu/libm-2.24.so
7ff7be465000-7ff7be466000 r--p 00107000 08:06 784983                     /lib/x86_64-linux-gnu/libm-2.24.so
7ff7be466000-7ff7be467000 rw-p 00108000 08:06 784983                     /lib/x86_64-linux-gnu/libm-2.24.so
7ff7be467000-7ff7bf058000 r-xp 00000000 08:05 29992                      /media/saurabh/Local Disk(E)/android-studio/jre/jre/lib/amd64/server/libjvm.so
7ff7bf058000-7ff7bf258000 ---p 00bf1000 08:05 29992                      /media/saurabh/Local Disk(E)/android-studio/jre/jre/lib/amd64/server/libjvm.so
7ff7bf258000-7ff7bf2f7000 r--p 00bf1000 08:05 29992                      /media/saurabh/Local Disk(E)/android-studio/jre/jre/lib/amd64/server/libjvm.so
7ff7bf2f7000-7ff7bf320000 rw-p 00c90000 08:05 29992                      /media/saurabh/Local Disk(E)/android-studio/jre/jre/lib/amd64/server/libjvm.so
7ff7bf320000-7ff7bf364000 rw-p 00000000 00:00 0 
7ff7bf364000-7ff7bf37c000 r-xp 00000000 08:06 789740                     /lib/x86_64-linux-gnu/libpthread-2.24.so
7ff7bf37c000-7ff7bf57c000 ---p 00018000 08:06 789740                     /lib/x86_64-linux-gnu/libpthread-2.24.so
7ff7bf57c000-7ff7bf57d000 r--p 00018000 08:06 789740                     /lib/x86_64-linux-gnu/libpthread-2.24.so
7ff7bf57d000-7ff7bf57e000 rw-p 00019000 08:06 789740                     /lib/x86_64-linux-gnu/libpthread-2.24.so
7ff7bf57e000-7ff7bf582000 rw-p 00000000 00:00 0 
7ff7bf582000-7ff7bf585000 r-xp 00000000 08:06 784982                     /lib/x86_64-linux-gnu/libdl-2.24.so
7ff7bf585000-7ff7bf784000 ---p 00003000 08:06 784982                     /lib/x86_64-linux-gnu/libdl-2.24.so
7ff7bf784000-7ff7bf785000 r--p 00002000 08:06 784982                     /lib/x86_64-linux-gnu/libdl-2.24.so
7ff7bf785000-7ff7bf786000 rw-p 00003000 08:06 784982                     /lib/x86_64-linux-gnu/libdl-2.24.so
7ff7bf786000-7ff7bf944000 r-xp 00000000 08:06 784979                     /lib/x86_64-linux-gnu/libc-2.24.so
7ff7bf944000-7ff7bfb43000 ---p 001be000 08:06 784979                     /lib/x86_64-linux-gnu/libc-2.24.so
7ff7bfb43000-7ff7bfb47000 r--p 001bd000 08:06 784979                     /lib/x86_64-linux-gnu/libc-2.24.so
7ff7bfb47000-7ff7bfb49000 rw-p 001c1000 08:06 784979                     /lib/x86_64-linux-gnu/libc-2.24.so
7ff7bfb49000-7ff7bfb4d000 rw-p 00000000 00:00 0 
7ff7bfb4d000-7ff7bfb63000 r-xp 00000000 08:05 29852                      /media/saurabh/Local Disk(E)/android-studio/jre/lib/amd64/jli/libjli.so
7ff7bfb63000-7ff7bfd62000 ---p 00016000 08:05 29852                      /media/saurabh/Local Disk(E)/android-studio/jre/lib/amd64/jli/libjli.so
7ff7bfd62000-7ff7bfd63000 r--p 00015000 08:05 29852                      /media/saurabh/Local Disk(E)/android-studio/jre/lib/amd64/jli/libjli.so
7ff7bfd63000-7ff7bfd64000 rw-p 00016000 08:05 29852                      /media/saurabh/Local Disk(E)/android-studio/jre/lib/amd64/jli/libjli.so
7ff7bfd64000-7ff7bfd8a000 r-xp 00000000 08:06 784911                     /lib/x86_64-linux-gnu/ld-2.24.so
7ff7bfd8a000-7ff7bfd8b000 r--s 00007000 08:06 534658                     /home/saurabh/.gradle/wrapper/dists/gradle-4.0-rc-1-all/f2e4agya6jovmpf9txk9t7844/gradle-4.0-rc-1/lib/slf4j-api-1.7.10.jar
7ff7bfd8b000-7ff7bfd8f000 r--s 00027000 08:06 534654                     /home/saurabh/.gradle/wrapper/dists/gradle-4.0-rc-1-all/f2e4agya6jovmpf9txk9t7844/gradle-4.0-rc-1/lib/commons-io-2.2.jar
7ff7bfd8f000-7ff7bfd90000 r--s 00004000 08:06 534672                     /home/saurabh/.gradle/wrapper/dists/gradle-4.0-rc-1-all/f2e4agya6jovmpf9txk9t7844/gradle-4.0-rc-1/lib/ant-launcher-1.9.6.jar
7ff7bfd90000-7ff7bfdd7000 rw-p 00000000 00:00 0 
7ff7bfdd7000-7ff7bfe63000 ---p 00000000 00:00 0 
7ff7bfe63000-7ff7bfe66000 ---p 00000000 00:00 0 
7ff7bfe66000-7ff7bff66000 rw-p 00000000 00:00 0 
7ff7bff66000-7ff7bff72000 r--s 0005c000 08:06 534637                     /home/saurabh/.gradle/wrapper/dists/gradle-4.0-rc-1-all/f2e4agya6jovmpf9txk9t7844/gradle-4.0-rc-1/lib/gradle-launcher-4.0.jar
7ff7bff72000-7ff7bff7c000 rw-p 00000000 00:00 0 
7ff7bff7c000-7ff7bff84000 rw-s 00000000 08:06 1458605                    /tmp/hsperfdata_saurabh/16868
7ff7bff84000-7ff7bff85000 rw-p 00000000 00:00 0 
7ff7bff85000-7ff7bff86000 ---p 00000000 00:00 0 
7ff7bff86000-7ff7bff89000 rw-p 00000000 00:00 0 
7ff7bff89000-7ff7bff8a000 r--p 00025000 08:06 784911                     /lib/x86_64-linux-gnu/ld-2.24.so
7ff7bff8a000-7ff7bff8b000 rw-p 00026000 08:06 784911                     /lib/x86_64-linux-gnu/ld-2.24.so
7ff7bff8b000-7ff7bff8c000 rw-p 00000000 00:00 0 
7ffec7fa0000-7ffec7fc1000 rw-p 00000000 00:00 0                          [stack]
7ffec7fcc000-7ffec7fce000 r--p 00000000 00:00 0                          [vvar]
7ffec7fce000-7ffec7fd0000 r-xp 00000000 00:00 0                          [vdso]
ffffffffff600000-ffffffffff601000 r-xp 00000000 00:00 0                  [vsyscall]

VM Arguments:
jvm_args: -XX:MaxPermSize=512m -XX:+HeapDumpOnOutOfMemoryError -Xmx512m -Dfile.encoding=UTF-8 -Duser.country=IN -Duser.language=en -Duser.variant 
java_command: org.gradle.launcher.daemon.bootstrap.GradleDaemon 4.0-rc-1
java_class_path (initial): /home/saurabh/.gradle/wrapper/dists/gradle-4.0-rc-1-all/f2e4agya6jovmpf9txk9t7844/gradle-4.0-rc-1/lib/gradle-launcher-4.0.jar
Launcher Type: SUN_STANDARD

Environment Variables:
PATH=/usr/local/sbin:/usr/local/bin:/usr/sbin:/usr/bin:/sbin:/bin:/usr/games:/usr/local/games:/snap/bin
LD_LIBRARY_PATH=/media/saurabh/Local Disk(E)/android-studio/bin:
SHELL=/bin/bash
DISPLAY=:0.0

Signal Handlers:
SIGSEGV: [libjvm.so+0x9e5150], sa_mask[0]=11111111011111111101111111111110, sa_flags=SA_RESTART|SA_SIGINFO
SIGBUS: [libjvm.so+0x9e5150], sa_mask[0]=11111111011111111101111111111110, sa_flags=SA_RESTART|SA_SIGINFO
SIGFPE: [libjvm.so+0x848450], sa_mask[0]=11111111011111111101111111111110, sa_flags=SA_RESTART|SA_SIGINFO
SIGPIPE: [libjvm.so+0x848450], sa_mask[0]=11111111011111111101111111111110, sa_flags=SA_RESTART|SA_SIGINFO
SIGXFSZ: [libjvm.so+0x848450], sa_mask[0]=11111111011111111101111111111110, sa_flags=SA_RESTART|SA_SIGINFO
SIGILL: [libjvm.so+0x848450], sa_mask[0]=11111111011111111101111111111110, sa_flags=SA_RESTART|SA_SIGINFO
SIGUSR1: SIG_DFL, sa_mask[0]=00000000000000000000000000000000, sa_flags=none
SIGUSR2: [libjvm.so+0x848320], sa_mask[0]=00100000000000000000000000000000, sa_flags=SA_RESTART|SA_SIGINFO
SIGHUP: [libjvm.so+0x848510], sa_mask[0]=11111111011111111101111111111110, sa_flags=SA_RESTART|SA_SIGINFO
SIGINT: [libjvm.so+0x848510], sa_mask[0]=11111111011111111101111111111110, sa_flags=SA_RESTART|SA_SIGINFO
SIGTERM: [libjvm.so+0x848510], sa_mask[0]=11111111011111111101111111111110, sa_flags=SA_RESTART|SA_SIGINFO
SIGQUIT: [libjvm.so+0x848510], sa_mask[0]=11111111011111111101111111111110, sa_flags=SA_RESTART|SA_SIGINFO


---------------  S Y S T E M  ---------------

OS:DISTRIB_ID=Ubuntu
DISTRIB_RELEASE=17.04
DISTRIB_CODENAME=zesty
DISTRIB_DESCRIPTION="Ubuntu 17.04"

uname:Linux 4.10.0-26-generic #30-Ubuntu SMP Tue Jun 27 09:30:12 UTC 2017 x86_64
libc:glibc 2.24 NPTL 2.24 
rlimit: STACK 8192k, CORE 0k, NPROC 14047, NOFILE 1048576, AS infinity
load average:1.60 0.69 0.55

/proc/meminfo:
MemTotal:        3953608 kB
MemFree:          103496 kB
MemAvailable:      18700 kB
Buffers:            9280 kB
Cached:           139660 kB
SwapCached:        16056 kB
Active:          3007816 kB
Inactive:         662700 kB
Active(anon):    2992640 kB
Inactive(anon):   642144 kB
Active(file):      15176 kB
Inactive(file):    20556 kB
Unevictable:           0 kB
Mlocked:               0 kB
SwapTotal:       1943240 kB
SwapFree:              0 kB
Dirty:               308 kB
Writeback:             0 kB
AnonPages:       3505688 kB
Mapped:            89508 kB
Shmem:            113052 kB
Slab:              71432 kB
SReclaimable:      31132 kB
SUnreclaim:        40300 kB
KernelStack:       11840 kB
PageTables:        48752 kB
NFS_Unstable:          0 kB
Bounce:                0 kB
WritebackTmp:          0 kB
CommitLimit:     3920044 kB
Committed_AS:   10803676 kB
VmallocTotal:   34359738367 kB
VmallocUsed:           0 kB
VmallocChunk:          0 kB
HardwareCorrupted:     0 kB
AnonHugePages:   1257472 kB
ShmemHugePages:        0 kB
ShmemPmdMapped:        0 kB
CmaTotal:              0 kB
CmaFree:               0 kB
HugePages_Total:       0
HugePages_Free:        0
HugePages_Rsvd:        0
HugePages_Surp:        0
Hugepagesize:       2048 kB
DirectMap4k:      267496 kB
DirectMap2M:     3835904 kB
DirectMap1G:           0 kB


CPU:total 2 (2 cores per cpu, 1 threads per core) family 6 model 61 stepping 4, cmov, cx8, fxsr, mmx, sse, sse2, sse3, ssse3, sse4.1, sse4.2, popcnt, clmul, erms, 3dnowpref, lzcnt, tsc, tscinvbit

/proc/cpuinfo:
processor	: 0
vendor_id	: GenuineIntel
cpu family	: 6
model		: 61
model name	: Intel(R) Celeron(R) 3205U @ 1.50GHz
stepping	: 4
microcode	: 0x25
cpu MHz		: 897.766
cache size	: 2048 KB
physical id	: 0
siblings	: 2
core id		: 0
cpu cores	: 2
apicid		: 0
initial apicid	: 0
fpu		: yes
fpu_exception	: yes
cpuid level	: 20
wp		: yes
flags		: fpu vme de pse tsc msr pae mce cx8 apic sep mtrr pge mca cmov pat pse36 clflush dts acpi mmx fxsr sse sse2 ss ht tm pbe syscall nx pdpe1gb rdtscp lm constant_tsc arch_perfmon pebs bts rep_good nopl xtopology nonstop_tsc aperfmperf pni pclmulqdq dtes64 monitor ds_cpl vmx est tm2 ssse3 sdbg cx16 xtpr pdcm pcid sse4_1 sse4_2 x2apic movbe popcnt tsc_deadline_timer xsave rdrand lahf_lm abm 3dnowprefetch epb intel_pt tpr_shadow vnmi flexpriority ept vpid fsgsbase tsc_adjust erms invpcid rdseed xsaveopt dtherm arat pln pts
bugs		:
bogomips	: 2992.82
clflush size	: 64
cache_alignment	: 64
address sizes	: 39 bits physical, 48 bits virtual
power management:

processor	: 1
vendor_id	: GenuineIntel
cpu family	: 6
model		: 61
model name	: Intel(R) Celeron(R) 3205U @ 1.50GHz
stepping	: 4
microcode	: 0x25
cpu MHz		: 1350.677
cache size	: 2048 KB
physical id	: 0
siblings	: 2
core id		: 1
cpu cores	: 2
apicid		: 2
initial apicid	: 2
fpu		: yes
fpu_exception	: yes
cpuid level	: 20
wp		: yes
flags		: fpu vme de pse tsc msr pae mce cx8 apic sep mtrr pge mca cmov pat pse36 clflush dts acpi mmx fxsr sse sse2 ss ht tm pbe syscall nx pdpe1gb rdtscp lm constant_tsc arch_perfmon pebs bts rep_good nopl xtopology nonstop_tsc aperfmperf pni pclmulqdq dtes64 monitor ds_cpl vmx est tm2 ssse3 sdbg cx16 xtpr pdcm pcid sse4_1 sse4_2 x2apic movbe popcnt tsc_deadline_timer xsave rdrand lahf_lm abm 3dnowprefetch epb intel_pt tpr_shadow vnmi flexpriority ept vpid fsgsbase tsc_adjust erms invpcid rdseed xsaveopt dtherm arat pln pts
bugs		:
bogomips	: 2992.82
clflush size	: 64
cache_alignment	: 64
address sizes	: 39 bits physical, 48 bits virtual
power management:



Memory: 4k page, physical 3953608k(103496k free), swap 1943240k(0k free)

vm_info: OpenJDK 64-Bit Server VM (25.112-b06) for linux-amd64 JRE (1.8.0_112-release-b06), built on Dec  6 2016 12:11:18 by "builder" with gcc 4.8.4

time: Thu Jul 13 13:11:21 2017
elapsed time: 45 seconds (0d 0h 0m 45s)

