#
# There is insufficient memory for the Java Runtime Environment to continue.
# Native memory allocation (malloc) failed to allocate 131088 bytes for Chunk::new
# Possible reasons:
#   The system is out of physical RAM or swap space
#   In 32 bit mode, the process size limit was hit
# Possible solutions:
#   Reduce memory load on the system
#   Increase physical memory or swap space
#   Check if swap backing store is full
#   Use 64 bit Java on a 64 bit OS
#   Decrease Java heap size (-Xmx/-Xms)
#   Decrease number of Java threads
#   Decrease Java thread stack sizes (-Xss)
#   Set larger code cache with -XX:ReservedCodeCacheSize=
# This output file may be truncated or incomplete.
#
#  Out of Memory Error (allocation.cpp:390), pid=1376, tid=5400
#
# JRE version: Java(TM) SE Runtime Environment (8.0_20-b26) (build 1.8.0_20-b26)
# Java VM: Java HotSpot(TM) 64-Bit Server VM (25.20-b23 mixed mode windows-amd64 compressed oops)
# Failed to write core dump. Minidumps are not enabled by default on client versions of Windows
#

---------------  T H R E A D  ---------------

Current thread (0x0000000014800800):  JavaThread "C2 CompilerThread1" daemon [_thread_in_native, id=5400, stack(0x0000000015e70000,0x0000000015f70000)]

Stack: [0x0000000015e70000,0x0000000015f70000]
Native frames: (J=compiled Java code, j=interpreted, Vv=VM code, C=native code)
V  [jvm.dll+0x3152fa]


Current CompileTask:
C2:3418990 10224       4       org.gradle.api.internal.artifacts.ivyservice.ivyresolve.parser.IvyXmlModuleDescriptorParser$Parser::substitute (9 bytes)


---------------  P R O C E S S  ---------------

Java Threads: ( => current thread )
  0x000000001740f800 JavaThread "Stdin handler" [_thread_blocked, id=3088, stack(0x000000001aec0000,0x000000001afc0000)]
  0x000000001740e800 JavaThread "Daemon worker Thread 3" [_thread_in_native, id=2476, stack(0x0000000018620000,0x0000000018720000)]
  0x0000000017411800 JavaThread "Cancel handler" [_thread_blocked, id=2024, stack(0x0000000018520000,0x0000000018620000)]
  0x000000001740b000 JavaThread "Handler for socket connection from /127.0.0.1:7463 to /127.0.0.1:9783" [_thread_in_native, id=3536, stack(0x0000000018420000,0x0000000018520000)]
  0x0000000017410000 JavaThread "Daemon Thread 3" [_thread_blocked, id=4268, stack(0x0000000018320000,0x0000000018420000)]
  0x0000000017cb5800 JavaThread "File lock request listener" [_thread_in_native, id=3204, stack(0x000000001adc0000,0x000000001aec0000)]
  0x0000000017104000 JavaThread "Incoming local TCP Connector on port 7463" [_thread_in_native, id=2508, stack(0x0000000017f40000,0x0000000018040000)]
  0x00000000160a1800 JavaThread "Service Thread" daemon [_thread_blocked, id=4600, stack(0x0000000016470000,0x0000000016570000)]
  0x0000000014807000 JavaThread "C1 CompilerThread2" daemon [_thread_in_native, id=4304, stack(0x0000000015f70000,0x0000000016070000)]
=>0x0000000014800800 JavaThread "C2 CompilerThread1" daemon [_thread_in_native, id=5400, stack(0x0000000015e70000,0x0000000015f70000)]
  0x00000000147fd000 JavaThread "C2 CompilerThread0" daemon [_thread_in_native, id=5984, stack(0x0000000015d70000,0x0000000015e70000)]
  0x00000000147fb800 JavaThread "Attach Listener" daemon [_thread_blocked, id=4604, stack(0x0000000015c70000,0x0000000015d70000)]
  0x00000000147fa800 JavaThread "Signal Dispatcher" daemon [_thread_blocked, id=4544, stack(0x0000000015b70000,0x0000000015c70000)]
  0x0000000002125000 JavaThread "Finalizer" daemon [_thread_blocked, id=60, stack(0x0000000015a70000,0x0000000015b70000)]
  0x000000000211b000 JavaThread "Reference Handler" daemon [_thread_blocked, id=3080, stack(0x0000000015970000,0x0000000015a70000)]
  0x0000000002032800 JavaThread "main" [_thread_blocked, id=5104, stack(0x0000000001bd0000,0x0000000001cd0000)]

Other Threads:
  0x00000000147c5000 VMThread [stack: 0x0000000015870000,0x0000000015970000] [id=4264]
  0x00000000160a5000 WatcherThread [stack: 0x0000000016570000,0x0000000016670000] [id=4892]

VM state:not at safepoint (normal execution)

VM Mutex/Monitor currently owned by a thread: None

Heap:
 PSYoungGen      total 279552K, used 35611K [0x00000000eab00000, 0x00000000ff380000, 0x0000000100000000)
  eden space 260608K, 13% used [0x00000000eab00000,0x00000000ecdc6c00,0x00000000fa980000)
  from space 18944K, 0% used [0x00000000fa980000,0x00000000fa980000,0x00000000fbc00000)
  to   space 19968K, 0% used [0x00000000fe000000,0x00000000fe000000,0x00000000ff380000)
 ParOldGen       total 104960K, used 61499K [0x00000000c0000000, 0x00000000c6680000, 0x00000000eab00000)
  object space 104960K, 58% used [0x00000000c0000000,0x00000000c3c0edb8,0x00000000c6680000)
 Metaspace       used 55848K, capacity 58308K, committed 58496K, reserved 1099776K
  class space    used 7585K, capacity 8255K, committed 8320K, reserved 1048576K

Card table byte_map: [0x00000000114f0000,0x0000000011700000] byte_map_base: 0x0000000010ef0000

Marking Bits: (ParMarkBitMap*) 0x000000005931b460
 Begin Bits: [0x0000000011c60000, 0x0000000012c60000)
 End Bits:   [0x0000000012c60000, 0x0000000013c60000)

Polling page: 0x0000000000310000

CodeCache: size=245760Kb used=30676Kb max_used=30676Kb free=215083Kb
 bounds [0x0000000002130000, 0x0000000003f50000, 0x0000000011130000]
 total_blobs=9346 nmethods=8643 adapters=615
 compilation: enabled

Compilation events (10 events):
Event: 3417.282 Thread 0x0000000014807000 nmethod 10222 0x0000000003f23ed0 code [0x0000000003f24040, 0x0000000003f24270]
Event: 3417.284 Thread 0x0000000014807000 10223       3       org.apache.commons.collections.map.AbstractReferenceMap$ReferenceEntry::getValue (28 bytes)
Event: 3417.284 Thread 0x0000000014807000 nmethod 10223 0x0000000003f23910 code [0x0000000003f23a80, 0x0000000003f23de8]
Event: 3417.337 Thread 0x0000000014800800 10224       4       org.gradle.api.internal.artifacts.ivyservice.ivyresolve.parser.IvyXmlModuleDescriptorParser$Parser::substitute (9 bytes)
Event: 3417.417 Thread 0x0000000014807000 10225       3       com.sun.org.apache.xerces.internal.impl.XMLDocumentScannerImpl::scanDoctypeDecl (325 bytes)
Event: 3417.421 Thread 0x0000000014807000 nmethod 10225 0x0000000003f26e50 code [0x0000000003f27140, 0x0000000003f28738]
Event: 3417.421 Thread 0x0000000014807000 10226       3       com.sun.org.apache.xerces.internal.impl.XMLDTDScannerImpl::setInputSource (74 bytes)
Event: 3417.422 Thread 0x0000000014807000 nmethod 10226 0x0000000003f26390 code [0x0000000003f26560, 0x0000000003f26c28]
Event: 3417.483 Thread 0x0000000014807000 10228       3       org.gradle.api.internal.artifacts.repositories.resolver.ExternalResourceResolver$LocalRepositoryAccess::resolveComponentMetaData (1 bytes)
Event: 3417.484 Thread 0x0000000014807000 nmethod 10228 0x0000000003f235d0 code [0x0000000003f23720, 0x0000000003f23870]

GC Heap History (10 events):
Event: 123.833 GC heap before
{Heap before GC invocations=20 (full 3):
 PSYoungGen      total 223232K, used 201728K [0x00000000eab00000, 0x00000000f9a00000, 0x0000000100000000)
  eden space 201728K, 100% used [0x00000000eab00000,0x00000000f7000000,0x00000000f7000000)
  from space 21504K, 0% used [0x00000000f8500000,0x00000000f8500000,0x00000000f9a00000)
  to   space 21504K, 0% used [0x00000000f7000000,0x00000000f7000000,0x00000000f8500000)
 ParOldGen       total 55808K, used 42636K [0x00000000c0000000, 0x00000000c3680000, 0x00000000eab00000)
  object space 55808K, 76% used [0x00000000c0000000,0x00000000c29a3388,0x00000000c3680000)
 Metaspace       used 48573K, capacity 50630K, committed 50688K, reserved 1093632K
  class space    used 6768K, capacity 7383K, committed 7424K, reserved 1048576K
Event: 123.858 GC heap after
Heap after GC invocations=20 (full 3):
 PSYoungGen      total 223232K, used 7762K [0x00000000eab00000, 0x00000000fda80000, 0x0000000100000000)
  eden space 201728K, 0% used [0x00000000eab00000,0x00000000eab00000,0x00000000f7000000)
  from space 21504K, 36% used [0x00000000f7000000,0x00000000f77948a8,0x00000000f8500000)
  to   space 19968K, 0% used [0x00000000fc700000,0x00000000fc700000,0x00000000fda80000)
 ParOldGen       total 55808K, used 42644K [0x00000000c0000000, 0x00000000c3680000, 0x00000000eab00000)
  object space 55808K, 76% used [0x00000000c0000000,0x00000000c29a5388,0x00000000c3680000)
 Metaspace       used 48573K, capacity 50630K, committed 50688K, reserved 1093632K
  class space    used 6768K, capacity 7383K, committed 7424K, reserved 1048576K
}
Event: 142.208 GC heap before
{Heap before GC invocations=21 (full 3):
 PSYoungGen      total 223232K, used 209490K [0x00000000eab00000, 0x00000000fda80000, 0x0000000100000000)
  eden space 201728K, 100% used [0x00000000eab00000,0x00000000f7000000,0x00000000f7000000)
  from space 21504K, 36% used [0x00000000f7000000,0x00000000f77948a8,0x00000000f8500000)
  to   space 19968K, 0% used [0x00000000fc700000,0x00000000fc700000,0x00000000fda80000)
 ParOldGen       total 55808K, used 42644K [0x00000000c0000000, 0x00000000c3680000, 0x00000000eab00000)
  object space 55808K, 76% used [0x00000000c0000000,0x00000000c29a5388,0x00000000c3680000)
 Metaspace       used 52406K, capacity 54706K, committed 54912K, reserved 1095680K
  class space    used 7301K, capacity 7983K, committed 8064K, reserved 1048576K
Event: 142.233 GC heap after
Heap after GC invocations=21 (full 3):
 PSYoungGen      total 250368K, used 7257K [0x00000000eab00000, 0x00000000fce80000, 0x0000000100000000)
  eden space 242688K, 0% used [0x00000000eab00000,0x00000000eab00000,0x00000000f9800000)
  from space 7680K, 94% used [0x00000000fc700000,0x00000000fce165b0,0x00000000fce80000)
  to   space 18944K, 0% used [0x00000000fa980000,0x00000000fa980000,0x00000000fbc00000)
 ParOldGen       total 55808K, used 47495K [0x00000000c0000000, 0x00000000c3680000, 0x00000000eab00000)
  object space 55808K, 85% used [0x00000000c0000000,0x00000000c2e61d10,0x00000000c3680000)
 Metaspace       used 52406K, capacity 54706K, committed 54912K, reserved 1095680K
  class space    used 7301K, capacity 7983K, committed 8064K, reserved 1048576K
}
Event: 142.233 GC heap before
{Heap before GC invocations=22 (full 4):
 PSYoungGen      total 250368K, used 7257K [0x00000000eab00000, 0x00000000fce80000, 0x0000000100000000)
  eden space 242688K, 0% used [0x00000000eab00000,0x00000000eab00000,0x00000000f9800000)
  from space 7680K, 94% used [0x00000000fc700000,0x00000000fce165b0,0x00000000fce80000)
  to   space 18944K, 0% used [0x00000000fa980000,0x00000000fa980000,0x00000000fbc00000)
 ParOldGen       total 55808K, used 47495K [0x00000000c0000000, 0x00000000c3680000, 0x00000000eab00000)
  object space 55808K, 85% used [0x00000000c0000000,0x00000000c2e61d10,0x00000000c3680000)
 Metaspace       used 52406K, capacity 54706K, committed 54912K, reserved 1095680K
  class space    used 7301K, capacity 7983K, committed 8064K, reserved 1048576K
Event: 142.934 GC heap after
Heap after GC invocations=22 (full 4):
 PSYoungGen      total 250368K, used 0K [0x00000000eab00000, 0x00000000fce80000, 0x0000000100000000)
  eden space 242688K, 0% used [0x00000000eab00000,0x00000000eab00000,0x00000000f9800000)
  from space 7680K, 0% used [0x00000000fc700000,0x00000000fc700000,0x00000000fce80000)
  to   space 18944K, 0% used [0x00000000fa980000,0x00000000fa980000,0x00000000fbc00000)
 ParOldGen       total 104960K, used 54128K [0x00000000c0000000, 0x00000000c6680000, 0x00000000eab00000)
  object space 104960K, 51% used [0x00000000c0000000,0x00000000c34dc280,0x00000000c6680000)
 Metaspace       used 52388K, capacity 54684K, committed 54912K, reserved 1095680K
  class space    used 7295K, capacity 7977K, committed 8064K, reserved 1048576K
}
Event: 148.514 GC heap before
{Heap before GC invocations=23 (full 4):
 PSYoungGen      total 250368K, used 79829K [0x00000000eab00000, 0x00000000fce80000, 0x0000000100000000)
  eden space 242688K, 32% used [0x00000000eab00000,0x00000000ef8f5448,0x00000000f9800000)
  from space 7680K, 0% used [0x00000000fc700000,0x00000000fc700000,0x00000000fce80000)
  to   space 18944K, 0% used [0x00000000fa980000,0x00000000fa980000,0x00000000fbc00000)
 ParOldGen       total 104960K, used 54128K [0x00000000c0000000, 0x00000000c6680000, 0x00000000eab00000)
  object space 104960K, 51% used [0x00000000c0000000,0x00000000c34dc280,0x00000000c6680000)
 Metaspace       used 55695K, capacity 58030K, committed 58240K, reserved 1099776K
  class space    used 7570K, capacity 8236K, committed 8320K, reserved 1048576K
Event: 148.576 GC heap after
Heap after GC invocations=23 (full 4):
 PSYoungGen      total 279552K, used 13526K [0x00000000eab00000, 0x00000000ff380000, 0x0000000100000000)
  eden space 260608K, 0% used [0x00000000eab00000,0x00000000eab00000,0x00000000fa980000)
  from space 18944K, 71% used [0x00000000fa980000,0x00000000fb6b5a18,0x00000000fbc00000)
  to   space 19968K, 0% used [0x00000000fe000000,0x00000000fe000000,0x00000000ff380000)
 ParOldGen       total 104960K, used 54136K [0x00000000c0000000, 0x00000000c6680000, 0x00000000eab00000)
  object space 104960K, 51% used [0x00000000c0000000,0x00000000c34de280,0x00000000c6680000)
 Metaspace       used 55695K, capacity 58030K, committed 58240K, reserved 1099776K
  class space    used 7570K, capacity 8236K, committed 8320K, reserved 1048576K
}
Event: 148.577 GC heap before
{Heap before GC invocations=24 (full 5):
 PSYoungGen      total 279552K, used 13526K [0x00000000eab00000, 0x00000000ff380000, 0x0000000100000000)
  eden space 260608K, 0% used [0x00000000eab00000,0x00000000eab00000,0x00000000fa980000)
  from space 18944K, 71% used [0x00000000fa980000,0x00000000fb6b5a18,0x00000000fbc00000)
  to   space 19968K, 0% used [0x00000000fe000000,0x00000000fe000000,0x00000000ff380000)
 ParOldGen       total 104960K, used 54136K [0x00000000c0000000, 0x00000000c6680000, 0x00000000eab00000)
  object space 104960K, 51% used [0x00000000c0000000,0x00000000c34de280,0x00000000c6680000)
 Metaspace       used 55695K, capacity 58030K, committed 58240K, reserved 1099776K
  class space    used 7570K, capacity 8236K, committed 8320K, reserved 1048576K
Event: 149.305 GC heap after
Heap after GC invocations=24 (full 5):
 PSYoungGen      total 279552K, used 0K [0x00000000eab00000, 0x00000000ff380000, 0x0000000100000000)
  eden space 260608K, 0% used [0x00000000eab00000,0x00000000eab00000,0x00000000fa980000)
  from space 18944K, 0% used [0x00000000fa980000,0x00000000fa980000,0x00000000fbc00000)
  to   space 19968K, 0% used [0x00000000fe000000,0x00000000fe000000,0x00000000ff380000)
 ParOldGen       total 104960K, used 61499K [0x00000000c0000000, 0x00000000c6680000, 0x00000000eab00000)
  object space 104960K, 58% used [0x00000000c0000000,0x00000000c3c0edb8,0x00000000c6680000)
 Metaspace       used 55695K, capacity 58030K, committed 58240K, reserved 1099776K
  class space    used 7570K, capacity 8236K, committed 8320K, reserved 1048576K
}

Deoptimization events (10 events):
Event: 146.954 Thread 0x000000001a075000 Uncommon trap: reason=class_check action=maybe_recompile pc=0x0000000003d28a28 method=com.sun.tools.javac.code.Types$SameTypeVisitor.visitClassType(Lcom/sun/tools/javac/code/Type$ClassType;Lcom/sun/tools/javac/code/Type;)Ljava/lang/Boolean; @ 300
Event: 146.954 Thread 0x000000001a075000 Uncommon trap: reason=class_check action=maybe_recompile pc=0x0000000003d28a28 method=com.sun.tools.javac.code.Types$SameTypeVisitor.visitClassType(Lcom/sun/tools/javac/code/Type$ClassType;Lcom/sun/tools/javac/code/Type;)Ljava/lang/Boolean; @ 300
Event: 147.161 Thread 0x000000001a075000 Uncommon trap: reason=class_check action=maybe_recompile pc=0x0000000003d0de2c method=com.sun.tools.javac.code.Types$14.visitClassType(Lcom/sun/tools/javac/code/Type$ClassType;Lcom/sun/tools/javac/code/Symbol;)Lcom/sun/tools/javac/code/Type; @ 97
Event: 147.161 Thread 0x000000001a075000 Uncommon trap: reason=class_check action=maybe_recompile pc=0x0000000003d0de2c method=com.sun.tools.javac.code.Types$14.visitClassType(Lcom/sun/tools/javac/code/Type$ClassType;Lcom/sun/tools/javac/code/Symbol;)Lcom/sun/tools/javac/code/Type; @ 97
Event: 147.846 Thread 0x000000001a075000 Uncommon trap: reason=speculate_class_check action=maybe_recompile pc=0x000000000366bc54 method=org.codehaus.groovy.runtime.typehandling.DefaultTypeTransformation.castToBoolean(Ljava/lang/Object;)Z @ 12
Event: 147.853 Thread 0x000000001a075000 Uncommon trap: reason=speculate_class_check action=maybe_recompile pc=0x000000000366bc54 method=org.codehaus.groovy.runtime.typehandling.DefaultTypeTransformation.castToBoolean(Ljava/lang/Object;)Z @ 12
Event: 147.899 Thread 0x000000001a075000 Uncommon trap: reason=speculate_class_check action=maybe_recompile pc=0x000000000366bc54 method=org.codehaus.groovy.runtime.typehandling.DefaultTypeTransformation.castToBoolean(Ljava/lang/Object;)Z @ 12
Event: 147.943 Thread 0x000000001a075000 Uncommon trap: reason=unreached action=reinterpret pc=0x0000000003cbaccc method=java.util.RegularEnumSet.contains(Ljava/lang/Object;)Z @ 16
Event: 148.290 Thread 0x000000001a075000 Uncommon trap: reason=unreached action=reinterpret pc=0x0000000003ec66b8 method=com.sun.tools.javac.code.Lint$AugmentVisitor.initSyms()V @ 4
Event: 148.302 Thread 0x000000001a075000 Uncommon trap: reason=unreached action=reinterpret pc=0x0000000003cad7c0 method=com.sun.tools.javac.code.Types.rank(Lcom/sun/tools/javac/code/Type;)I @ 88

Internal exceptions (10 events):
Event: 3416.905 Thread 0x000000001740e800 Exception <a 'java/security/PrivilegedActionException'> (0x00000000ec3ce228) thrown at [D:\re\workspace\8-2-build-windows-amd64-cygwin\jdk8u20\1074\hotspot\src\share\vm\prims\jvm.cpp, line 1275]
Event: 3416.905 Thread 0x000000001740e800 Exception <a 'java/security/PrivilegedActionException'> (0x00000000ec3d69d0) thrown at [D:\re\workspace\8-2-build-windows-amd64-cygwin\jdk8u20\1074\hotspot\src\share\vm\prims\jvm.cpp, line 1275]
Event: 3416.906 Thread 0x000000001740e800 Exception <a 'java/security/PrivilegedActionException'> (0x00000000ec3ddc90) thrown at [D:\re\workspace\8-2-build-windows-amd64-cygwin\jdk8u20\1074\hotspot\src\share\vm\prims\jvm.cpp, line 1275]
Event: 3416.908 Thread 0x000000001740e800 Exception <a 'java/security/PrivilegedActionException'> (0x00000000ec3e2e00) thrown at [D:\re\workspace\8-2-build-windows-amd64-cygwin\jdk8u20\1074\hotspot\src\share\vm\prims\jvm.cpp, line 1275]
Event: 3416.908 Thread 0x000000001740e800 Exception <a 'java/security/PrivilegedActionException'> (0x00000000ec3e42c8) thrown at [D:\re\workspace\8-2-build-windows-amd64-cygwin\jdk8u20\1074\hotspot\src\share\vm\prims\jvm.cpp, line 1275]
Event: 3416.908 Thread 0x000000001740e800 Exception <a 'java/security/PrivilegedActionException'> (0x00000000ec3edaf0) thrown at [D:\re\workspace\8-2-build-windows-amd64-cygwin\jdk8u20\1074\hotspot\src\share\vm\prims\jvm.cpp, line 1275]
Event: 3416.912 Thread 0x000000001740e800 Exception <a 'java/security/PrivilegedActionException'> (0x00000000ec412ee0) thrown at [D:\re\workspace\8-2-build-windows-amd64-cygwin\jdk8u20\1074\hotspot\src\share\vm\prims\jvm.cpp, line 1275]
Event: 3416.914 Thread 0x000000001740e800 Exception <a 'java/security/PrivilegedActionException'> (0x00000000ec418878) thrown at [D:\re\workspace\8-2-build-windows-amd64-cygwin\jdk8u20\1074\hotspot\src\share\vm\prims\jvm.cpp, line 1275]
Event: 3416.914 Thread 0x000000001740e800 Exception <a 'java/security/PrivilegedActionException'> (0x00000000ec41a0f8) thrown at [D:\re\workspace\8-2-build-windows-amd64-cygwin\jdk8u20\1074\hotspot\src\share\vm\prims\jvm.cpp, line 1275]
Event: 3416.914 Thread 0x000000001740e800 Exception <a 'java/security/PrivilegedActionException'> (0x00000000ec4246b0) thrown at [D:\re\workspace\8-2-build-windows-amd64-cygwin\jdk8u20\1074\hotspot\src\share\vm\prims\jvm.cpp, line 1275]

Events (10 events):
Event: 3416.906 loading class asLocalRepo138_na0orsog2ln3jucwp8119wm2$_run_closure1$_closure2$_closure3
Event: 3416.906 loading class asLocalRepo138_na0orsog2ln3jucwp8119wm2$_run_closure1$_closure2$_closure3 done
Event: 3416.908 loading class groovy/runtime/metaclass/asLocalRepo138_na0orsog2ln3jucwp8119wm2$_run_closure1$_closure2$_closure3MetaClass
Event: 3416.908 loading class groovy/runtime/metaclass/asLocalRepo138_na0orsog2ln3jucwp8119wm2$_run_closure1$_closure2$_closure3MetaClass done
Event: 3416.912 loading class asLocalRepo138_na0orsog2ln3jucwp8119wm2$_run_closure1$_closure2$_closure3$_closure4
Event: 3416.912 loading class asLocalRepo138_na0orsog2ln3jucwp8119wm2$_run_closure1$_closure2$_closure3$_closure4 done
Event: 3416.913 loading class groovy/runtime/metaclass/asLocalRepo138_na0orsog2ln3jucwp8119wm2$_run_closure1$_closure2$_closure3$_closure4MetaClass
Event: 3416.913 loading class groovy/runtime/metaclass/asLocalRepo138_na0orsog2ln3jucwp8119wm2$_run_closure1$_closure2$_closure3$_closure4MetaClass done
Event: 3416.920 Executing VM operation: ForceSafepoint
Event: 3416.920 Executing VM operation: ForceSafepoint done


Dynamic libraries:
0x000007f69ae40000 - 0x000007f69ae74000 	C:\Program Files\Java\jdk1.8.0_20\bin\java.exe
0x000007f808140000 - 0x000007f8082fd000 	C:\Windows\SYSTEM32\ntdll.dll
0x000007f807930000 - 0x000007f807a67000 	C:\Windows\system32\KERNEL32.DLL
0x000007f805410000 - 0x000007f805504000 	C:\Windows\system32\KERNELBASE.dll
0x000007f8073f0000 - 0x000007f8074ce000 	C:\Windows\system32\ADVAPI32.dll
0x000007f807c20000 - 0x000007f807d6c000 	C:\Windows\system32\USER32.dll
0x000007f802d60000 - 0x000007f802fca000 	C:\Windows\WinSxS\amd64_microsoft.windows.common-controls_6595b64144ccf1df_6.0.9200.17359_none_4188b989718cf1c6\COMCTL32.dll
0x000007f805a40000 - 0x000007f805ae5000 	C:\Windows\system32\msvcrt.dll
0x000007f8078e0000 - 0x000007f807928000 	C:\Windows\SYSTEM32\sechost.dll
0x000007f807f30000 - 0x000007f808075000 	C:\Windows\system32\RPCRT4.dll
0x000007f807a70000 - 0x000007f807bb1000 	C:\Windows\system32\GDI32.dll
0x000007f8056c0000 - 0x000007f8056f9000 	C:\Windows\system32\IMM32.DLL
0x000007f805920000 - 0x000007f805a35000 	C:\Windows\system32\MSCTF.dll
0x00000000585e0000 - 0x00000000586b2000 	C:\Program Files\Java\jdk1.8.0_20\jre\bin\msvcr100.dll
0x0000000058b40000 - 0x0000000059398000 	C:\Program Files\Java\jdk1.8.0_20\jre\bin\server\jvm.dll
0x000007fffdc70000 - 0x000007fffdc79000 	C:\Windows\SYSTEM32\WSOCK32.dll
0x000007f801fc0000 - 0x000007f801fe0000 	C:\Windows\SYSTEM32\WINMM.dll
0x000007f807670000 - 0x000007f807677000 	C:\Windows\system32\PSAPI.DLL
0x000007f805af0000 - 0x000007f805b48000 	C:\Windows\system32\WS2_32.dll
0x000007f8016b0000 - 0x000007f8016e3000 	C:\Windows\SYSTEM32\WINMMBASE.dll
0x000007f807850000 - 0x000007f807859000 	C:\Windows\system32\NSI.dll
0x000007f8053c0000 - 0x000007f80540f000 	C:\Windows\SYSTEM32\cfgmgr32.dll
0x000007f805260000 - 0x000007f805282000 	C:\Windows\system32\DEVOBJ.dll
0x0000000058a50000 - 0x0000000058a5f000 	C:\Program Files\Java\jdk1.8.0_20\jre\bin\verify.dll
0x0000000058a20000 - 0x0000000058a48000 	C:\Program Files\Java\jdk1.8.0_20\jre\bin\java.dll
0x0000000058a00000 - 0x0000000058a16000 	C:\Program Files\Java\jdk1.8.0_20\jre\bin\zip.dll
0x000007f805e70000 - 0x000007f807155000 	C:\Windows\system32\SHELL32.dll
0x000007f805510000 - 0x000007f8056c0000 	C:\Windows\SYSTEM32\combase.dll
0x000007f807ee0000 - 0x000007f807f30000 	C:\Windows\system32\SHLWAPI.dll
0x000007f803710000 - 0x000007f8037a6000 	C:\Windows\SYSTEM32\SHCORE.dll
0x000007f805040000 - 0x000007f805055000 	C:\Windows\system32\profapi.dll
0x00000000589e0000 - 0x00000000589fa000 	C:\Program Files\Java\jdk1.8.0_20\jre\bin\net.dll
0x000007f8048e0000 - 0x000007f80493c000 	C:\Windows\system32\mswsock.dll
0x00000000589c0000 - 0x00000000589d1000 	C:\Program Files\Java\jdk1.8.0_20\jre\bin\nio.dll
0x000007fffbc00000 - 0x000007fffbc12000 	C:\Users\Raghuveer\.gradle\native\19\windows-amd64\native-platform.dll
0x000007f800ba0000 - 0x000007f800bca000 	C:\Windows\SYSTEM32\IPHLPAPI.DLL
0x000007f800b80000 - 0x000007f800b8a000 	C:\Windows\SYSTEM32\WINNSI.DLL
0x000007f800180000 - 0x000007f800193000 	C:\Windows\SYSTEM32\dhcpcsvc6.DLL
0x000007f800750000 - 0x000007f800768000 	C:\Windows\SYSTEM32\dhcpcsvc.DLL
0x000007f804940000 - 0x000007f80495a000 	C:\Windows\SYSTEM32\CRYPTSP.dll
0x000007f804590000 - 0x000007f8045db000 	C:\Windows\system32\rsaenh.dll
0x000007f805290000 - 0x000007f8052af000 	C:\Windows\system32\USERENV.dll
0x000007f804ed0000 - 0x000007f804eda000 	C:\Windows\SYSTEM32\CRYPTBASE.dll
0x000007f804e70000 - 0x000007f804ecd000 	C:\Windows\SYSTEM32\bcryptPrimitives.dll
0x00000000587c0000 - 0x00000000587cd000 	C:\Program Files\Java\jdk1.8.0_20\jre\bin\management.dll
0x000007fffc240000 - 0x000007fffc3a3000 	C:\Windows\SYSTEM32\dbghelp.dll

VM Arguments:
jvm_args: -XX:MaxPermSize=256m -XX:+HeapDumpOnOutOfMemoryError -Xmx1024m -Dfile.encoding=windows-1252 -Duser.country=GB -Duser.language=en -Duser.variant 
java_command: org.gradle.launcher.daemon.bootstrap.GradleDaemon 2.8
java_class_path (initial): C:\Program Files\Android\Android Studio2\gradle\gradle-2.8\lib\gradle-launcher-2.8.jar
Launcher Type: SUN_STANDARD

Environment Variables:
PATH=C:\ProgramData\Oracle\Java\javapath;C:\Windows\system32;C:\Windows;C:\Windows\System32\Wbem;C:\Windows\System32\WindowsPowerShell\v1.0\;C:\Program Files (x86)\Common Files\lenovo\easyplussdk\bin;C:\Program Files (x86)\GtkSharp\2.12\bin
USERNAME=Raghuveer
OS=Windows_NT
PROCESSOR_IDENTIFIER=Intel64 Family 6 Model 37 Stepping 5, GenuineIntel



---------------  S Y S T E M  ---------------

OS: Windows 8 , 64 bit Build 9200 

CPU:total 4 (2 cores per cpu, 2 threads per core) family 6 model 37 stepping 5, cmov, cx8, fxsr, mmx, sse, sse2, sse3, ssse3, sse4.1, sse4.2, popcnt, ht, tsc, tscinvbit

Memory: 4k page, physical 3987304k(616128k free), swap 3987304k(5128k free)

vm_info: Java HotSpot(TM) 64-Bit Server VM (25.20-b23) for windows-amd64 JRE (1.8.0_20-b26), built on Jul 30 2014 13:51:23 by "java_re" with MS VC++ 10.0 (VS2010)

time: Fri Mar 04 19:14:02 2016
elapsed time: 3417 seconds (0d 0h 56m 57s)

